[35m[1mConsolidate compiler generated dependencies of target ros_control_boilerplate_keyboard_teleop[0m
[35m[1mConsolidate compiler generated dependencies of target generic_hw_interface[0m
[35m[1mConsolidate compiler generated dependencies of target csv_to_controller[0m
[35m[1mConsolidate compiler generated dependencies of target controller_to_csv[0m
[  4%] [32mBuilding CXX object CMakeFiles/ros_control_boilerplate_keyboard_teleop.dir/src/tools/keyboard_teleop.cpp.o[0m
[  8%] [32mBuilding CXX object CMakeFiles/csv_to_controller.dir/src/tools/csv_to_controller.cpp.o[0m
[ 12%] [32mBuilding CXX object CMakeFiles/controller_to_csv.dir/src/tools/controller_to_csv.cpp.o[0m
[ 16%] [32mBuilding CXX object CMakeFiles/generic_hw_interface.dir/src/generic_hw_interface.cpp.o[0m
[35m[1mConsolidate compiler generated dependencies of target generic_hw_control_loop[0m
[ 20%] [32mBuilding CXX object CMakeFiles/generic_hw_control_loop.dir/src/generic_hw_control_loop.cpp.o[0m
[ 25%] [32m[1mLinking CXX executable /home/shabelson/Documents/GitHub/Thesis/ros_ws/st4_ws/devel/lib/ros_control_boilerplate/keyboard_teleop[0m
[ 25%] Built target ros_control_boilerplate_keyboard_teleop
[35m[1mConsolidate compiler generated dependencies of target ros_control_boilerplate_test_trajectory[0m
[ 29%] [32mBuilding CXX object CMakeFiles/ros_control_boilerplate_test_trajectory.dir/src/tools/test_trajectory.cpp.o[0m
[ 33%] [32m[1mLinking CXX shared library /home/shabelson/Documents/GitHub/Thesis/ros_ws/st4_ws/devel/lib/libcontroller_to_csv.so[0m
[ 33%] Built target controller_to_csv
[35m[1mConsolidate compiler generated dependencies of target ros_control_boilerplate_controller_to_csv_main[0m
[ 37%] [32mBuilding CXX object CMakeFiles/ros_control_boilerplate_controller_to_csv_main.dir/src/tools/controller_to_csv_main.cpp.o[0m
[ 41%] [32m[1mLinking CXX shared library /home/shabelson/Documents/GitHub/Thesis/ros_ws/st4_ws/devel/lib/libgeneric_hw_control_loop.so[0m
[ 41%] Built target generic_hw_control_loop
[ 45%] [32m[1mLinking CXX executable /home/shabelson/Documents/GitHub/Thesis/ros_ws/st4_ws/devel/lib/ros_control_boilerplate/controller_to_csv_main[0m
[ 45%] Built target ros_control_boilerplate_controller_to_csv_main
[ 50%] [32m[1mLinking CXX shared library /home/shabelson/Documents/GitHub/Thesis/ros_ws/st4_ws/devel/lib/libcsv_to_controller.so[0m
[ 50%] Built target csv_to_controller
[35m[1mConsolidate compiler generated dependencies of target ros_control_boilerplate_csv_to_controller_main[0m
[ 54%] [32mBuilding CXX object CMakeFiles/ros_control_boilerplate_csv_to_controller_main.dir/src/tools/csv_to_controller_main.cpp.o[0m
[ 58%] [32m[1mLinking CXX shared library /home/shabelson/Documents/GitHub/Thesis/ros_ws/st4_ws/devel/lib/libgeneric_hw_interface.so[0m
[ 58%] Built target generic_hw_interface
[35m[1mConsolidate compiler generated dependencies of target sim_hw_interface[0m
[ 62%] [32mBuilding CXX object CMakeFiles/sim_hw_interface.dir/src/sim_hw_interface.cpp.o[0m
[35m[1mConsolidate compiler generated dependencies of target rrbot_hw_interface[0m
[ 66%] [32mBuilding CXX object rrbot_control/CMakeFiles/rrbot_hw_interface.dir/src/rrbot_hw_interface.cpp.o[0m
[ 70%] [32m[1mLinking CXX executable /home/shabelson/Documents/GitHub/Thesis/ros_ws/st4_ws/devel/lib/ros_control_boilerplate/test_trajectory[0m
[ 70%] Built target ros_control_boilerplate_test_trajectory
[ 75%] [32m[1mLinking CXX executable /home/shabelson/Documents/GitHub/Thesis/ros_ws/st4_ws/devel/lib/ros_control_boilerplate/csv_to_controller_main[0m
[ 75%] Built target ros_control_boilerplate_csv_to_controller_main
[ 79%] [32m[1mLinking CXX shared library /home/shabelson/Documents/GitHub/Thesis/ros_ws/st4_ws/devel/lib/librrbot_hw_interface.so[0m
[ 79%] Built target rrbot_hw_interface
[35m[1mConsolidate compiler generated dependencies of target rrbot_hw_main[0m
[ 83%] [32mBuilding CXX object rrbot_control/CMakeFiles/rrbot_hw_main.dir/src/rrbot_hw_main.cpp.o[0m
[ 87%] [32m[1mLinking CXX shared library /home/shabelson/Documents/GitHub/Thesis/ros_ws/st4_ws/devel/lib/libsim_hw_interface.so[0m
[ 87%] Built target sim_hw_interface
[ 91%] [32m[1mLinking CXX executable /home/shabelson/Documents/GitHub/Thesis/ros_ws/st4_ws/devel/lib/ros_control_boilerplate/rrbot_hw_main[0m
[ 91%] Built target rrbot_hw_main
[35m[1mConsolidate compiler generated dependencies of target ros_control_boilerplate_sim_hw_main[0m
[ 95%] [32mBuilding CXX object CMakeFiles/ros_control_boilerplate_sim_hw_main.dir/src/sim_hw_main.cpp.o[0m
[100%] [32m[1mLinking CXX executable /home/shabelson/Documents/GitHub/Thesis/ros_ws/st4_ws/devel/lib/ros_control_boilerplate/sim_hw_main[0m
[100%] Built target ros_control_boilerplate_sim_hw_main
