Symlinking /home/shabelson/Documents/GitHub/Thesis/ros_ws/turntable/devel/share/moveit_visual_tools/cmake/moveit_visual_toolsConfig.cmake
Symlinking /home/shabelson/Documents/GitHub/Thesis/ros_ws/turntable/devel/share/moveit_visual_tools/cmake/moveit_visual_toolsConfig-version.cmake
Symlinking /home/shabelson/Documents/GitHub/Thesis/ros_ws/turntable/devel/lib/libmoveit_visual_tools.so
Symlinking /home/shabelson/Documents/GitHub/Thesis/ros_ws/turntable/devel/lib/moveit_visual_tools/moveit_visual_tools_demo
Symlinking /home/shabelson/Documents/GitHub/Thesis/ros_ws/turntable/devel/lib/pkgconfig/moveit_visual_tools.pc
Cleaning: (/home/shabelson/ros_ws/turntable/devel/.private/moveit_visual_tools/cmake.lock, /home/shabelson/ros_ws/turntable/devel/./cmake.lock)
Cleaning: (/home/shabelson/ros_ws/turntable/devel/.private/moveit_visual_tools/share/moveit_visual_tools/cmake/moveit_visual_toolsConfig.cmake, /home/shabelson/ros_ws/turntable/devel/share/moveit_visual_tools/cmake/moveit_visual_toolsConfig.cmake)
Cleaning: (/home/shabelson/ros_ws/turntable/devel/.private/moveit_visual_tools/share/moveit_visual_tools/cmake/moveit_visual_toolsConfig-version.cmake, /home/shabelson/ros_ws/turntable/devel/share/moveit_visual_tools/cmake/moveit_visual_toolsConfig-version.cmake)
Cleaning: (/home/shabelson/ros_ws/turntable/devel/.private/moveit_visual_tools/lib/libmoveit_visual_tools.so, /home/shabelson/ros_ws/turntable/devel/lib/libmoveit_visual_tools.so)
Cleaning: (/home/shabelson/ros_ws/turntable/devel/.private/moveit_visual_tools/lib/moveit_visual_tools/moveit_visual_tools_demo, /home/shabelson/ros_ws/turntable/devel/lib/moveit_visual_tools/moveit_visual_tools_demo)
Cleaning: (/home/shabelson/ros_ws/turntable/devel/.private/moveit_visual_tools/lib/pkgconfig/moveit_visual_tools.pc, /home/shabelson/ros_ws/turntable/devel/lib/pkgconfig/moveit_visual_tools.pc)
Unlinking: /home/shabelson/ros_ws/turntable/devel/share/moveit_visual_tools/cmake/moveit_visual_toolsConfig.cmake
Already unlinked: {}
Unlinking: /home/shabelson/ros_ws/turntable/devel/share/moveit_visual_tools/cmake/moveit_visual_toolsConfig-version.cmake
Already unlinked: {}
Unlinking: /home/shabelson/ros_ws/turntable/devel/lib/libmoveit_visual_tools.so
Already unlinked: {}
Unlinking: /home/shabelson/ros_ws/turntable/devel/lib/moveit_visual_tools/moveit_visual_tools_demo
Already unlinked: {}
Unlinking: /home/shabelson/ros_ws/turntable/devel/lib/pkgconfig/moveit_visual_tools.pc
Already unlinked: {}
