Not searching for unused variables given on the command line.
[0mCMake Deprecation Warning at CMakeLists.txt:1 (cmake_minimum_required):
  Compatibility with CMake < 2.8.12 will be removed from a future version of
  CMake.

  Update the VERSION argument <min> value or use a ...<max> suffix to tell
  CMake that the project does not need compatibility with older versions.

[0m
-- Using CATKIN_DEVEL_PREFIX: /home/shabelson/Documents/GitHub/Thesis/ros_ws/turntable/devel/.private/moveit_visual_tools
-- Using CMAKE_PREFIX_PATH: /home/shabelson/Documents/GitHub/Thesis/ros_ws/turntable/devel;/opt/ros/melodic
-- This workspace overlays: /home/shabelson/Documents/GitHub/Thesis/ros_ws/turntable/devel;/opt/ros/melodic
-- Found PythonInterp: /usr/bin/python2 (found suitable version "2.7.17", minimum required is "2")
-- Using PYTHON_EXECUTABLE: /usr/bin/python2
-- Using Debian Python package layout
-- Using empy: /usr/bin/empy
-- Using CATKIN_ENABLE_TESTING: ON
-- Call enable_testing()
-- Using CATKIN_TEST_RESULTS_DIR: /home/shabelson/Documents/GitHub/Thesis/ros_ws/turntable/build/moveit_visual_tools/test_results
-- Found gtest sources under '/usr/src/googletest': gtests will be built
-- Found gmock sources under '/usr/src/googletest': gmock will be built
-- Found PythonInterp: /usr/bin/python2 (found version "2.7.17")
-- Using Python nosetests: /usr/bin/nosetests-2.7
-- catkin 0.7.29
-- BUILD_SHARED_LIBS is on
-- Using these message generators: gencpp;geneus;genlisp;gennodejs;genpy
-- Configuring done
-- Generating done
-- Build files have been written to: /home/shabelson/Documents/GitHub/Thesis/ros_ws/turntable/build/moveit_visual_tools
