Performing C SOURCE FILE Test CMAKE_HAVE_LIBC_PTHREAD failed with the following output:
Change Dir: /home/shabelson/Documents/GitHub/Thesis/ros_ws/st4_ws/build/descartes_planner/CMakeFiles/CMakeTmp

Run Build Command(s):/usr/bin/make -f Makefile cmTC_18b38/fast && /usr/bin/make  -f CMakeFiles/cmTC_18b38.dir/build.make CMakeFiles/cmTC_18b38.dir/build
make[1]: Entering directory '/home/shabelson/Documents/GitHub/Thesis/ros_ws/st4_ws/build/descartes_planner/CMakeFiles/CMakeTmp'
Building C object CMakeFiles/cmTC_18b38.dir/src.c.o
/usr/bin/cc -DCMAKE_HAVE_LIBC_PTHREAD   -o CMakeFiles/cmTC_18b38.dir/src.c.o -c /home/shabelson/Documents/GitHub/Thesis/ros_ws/st4_ws/build/descartes_planner/CMakeFiles/CMakeTmp/src.c
Linking C executable cmTC_18b38
/usr/local/bin/cmake -E cmake_link_script CMakeFiles/cmTC_18b38.dir/link.txt --verbose=1
/usr/bin/cc -rdynamic CMakeFiles/cmTC_18b38.dir/src.c.o -o cmTC_18b38 
CMakeFiles/cmTC_18b38.dir/src.c.o: In function `main':
src.c:(.text+0x3e): undefined reference to `pthread_create'
src.c:(.text+0x4a): undefined reference to `pthread_detach'
src.c:(.text+0x56): undefined reference to `pthread_cancel'
src.c:(.text+0x67): undefined reference to `pthread_join'
src.c:(.text+0x7b): undefined reference to `pthread_atfork'
collect2: error: ld returned 1 exit status
CMakeFiles/cmTC_18b38.dir/build.make:98: recipe for target 'cmTC_18b38' failed
make[1]: *** [cmTC_18b38] Error 1
make[1]: Leaving directory '/home/shabelson/Documents/GitHub/Thesis/ros_ws/st4_ws/build/descartes_planner/CMakeFiles/CMakeTmp'
Makefile:127: recipe for target 'cmTC_18b38/fast' failed
make: *** [cmTC_18b38/fast] Error 2


Source file was:
#include <pthread.h>

static void* test_func(void* data)
{
  return data;
}

int main(void)
{
  pthread_t thread;
  pthread_create(&thread, NULL, test_func, NULL);
  pthread_detach(thread);
  pthread_cancel(thread);
  pthread_join(thread, NULL);
  pthread_atfork(NULL, NULL, NULL);
  pthread_exit(NULL);

  return 0;
}

Determining if the function pthread_create exists in the pthreads failed with the following output:
Change Dir: /home/shabelson/Documents/GitHub/Thesis/ros_ws/st4_ws/build/descartes_planner/CMakeFiles/CMakeTmp

Run Build Command(s):/usr/bin/make -f Makefile cmTC_137ef/fast && /usr/bin/make  -f CMakeFiles/cmTC_137ef.dir/build.make CMakeFiles/cmTC_137ef.dir/build
make[1]: Entering directory '/home/shabelson/Documents/GitHub/Thesis/ros_ws/st4_ws/build/descartes_planner/CMakeFiles/CMakeTmp'
Building C object CMakeFiles/cmTC_137ef.dir/CheckFunctionExists.c.o
/usr/bin/cc   -DCHECK_FUNCTION_EXISTS=pthread_create -o CMakeFiles/cmTC_137ef.dir/CheckFunctionExists.c.o -c /usr/local/share/cmake-3.21/Modules/CheckFunctionExists.c
Linking C executable cmTC_137ef
/usr/local/bin/cmake -E cmake_link_script CMakeFiles/cmTC_137ef.dir/link.txt --verbose=1
/usr/bin/cc  -DCHECK_FUNCTION_EXISTS=pthread_create -rdynamic CMakeFiles/cmTC_137ef.dir/CheckFunctionExists.c.o -o cmTC_137ef  -lpthreads 
/usr/bin/ld: cannot find -lpthreads
collect2: error: ld returned 1 exit status
CMakeFiles/cmTC_137ef.dir/build.make:98: recipe for target 'cmTC_137ef' failed
make[1]: *** [cmTC_137ef] Error 1
make[1]: Leaving directory '/home/shabelson/Documents/GitHub/Thesis/ros_ws/st4_ws/build/descartes_planner/CMakeFiles/CMakeTmp'
Makefile:127: recipe for target 'cmTC_137ef/fast' failed
make: *** [cmTC_137ef/fast] Error 2



