[  3%] [34m[1mAutomatic MOC for target rviz_visual_tools_remote_control[0m
[  7%] [34m[1mAutomatic MOC for target rviz_visual_tools_gui[0m
[  7%] Built target rviz_visual_tools_remote_control_autogen
[  7%] Built target rviz_visual_tools_gui_autogen
[35m[1mConsolidate compiler generated dependencies of target rviz_visual_tools_remote_control[0m
[35m[1mConsolidate compiler generated dependencies of target rviz_visual_tools_gui[0m
[ 18%] Built target rviz_visual_tools_remote_control
[ 22%] [34m[1mAutomatic MOC for target rviz_visual_tools[0m
[ 22%] Built target rviz_visual_tools_autogen
[ 40%] Built target rviz_visual_tools_gui
[35m[1mConsolidate compiler generated dependencies of target rviz_visual_tools[0m
[ 55%] Built target rviz_visual_tools
[ 62%] [34m[1mAutomatic MOC for target rviz_visual_tools_demo[0m
[ 62%] [34m[1mAutomatic MOC for target rviz_visual_tools_imarker_simple[0m
[ 62%] Built target rviz_visual_tools_demo_autogen
[ 62%] Built target rviz_visual_tools_imarker_simple_autogen
[35m[1mConsolidate compiler generated dependencies of target rviz_visual_tools_demo[0m
[35m[1mConsolidate compiler generated dependencies of target rviz_visual_tools_imarker_simple[0m
[ 74%] Built target rviz_visual_tools_demo
[ 85%] Built target rviz_visual_tools_imarker_simple
[ 88%] [34m[1mAutomatic MOC for target rviz_visual_tools_imarker_simple_demo[0m
[ 88%] Built target rviz_visual_tools_imarker_simple_demo_autogen
[35m[1mConsolidate compiler generated dependencies of target rviz_visual_tools_imarker_simple_demo[0m
[100%] Built target rviz_visual_tools_imarker_simple_demo
