[  3%] [34m[1mAutomatic MOC for target rviz_visual_tools_remote_control[0m
[  7%] [34m[1mAutomatic MOC for target rviz_visual_tools_gui[0m
[  7%] Built target rviz_visual_tools_remote_control_autogen
[ 11%] [32mBuilding CXX object CMakeFiles/rviz_visual_tools_remote_control.dir/rviz_visual_tools_remote_control_autogen/mocs_compilation.cpp.o[0m
[ 14%] [32mBuilding CXX object CMakeFiles/rviz_visual_tools_remote_control.dir/src/remote_control.cpp.o[0m
[ 14%] Built target rviz_visual_tools_gui_autogen
[ 18%] [32mBuilding CXX object CMakeFiles/rviz_visual_tools_gui.dir/src/rviz_visual_tools_gui.cpp.o[0m
[ 22%] [32mBuilding CXX object CMakeFiles/rviz_visual_tools_gui.dir/rviz_visual_tools_gui_autogen/mocs_compilation.cpp.o[0m
[ 25%] [32mBuilding CXX object CMakeFiles/rviz_visual_tools_gui.dir/src/key_tool.cpp.o[0m
[ 29%] [32mBuilding CXX object CMakeFiles/rviz_visual_tools_gui.dir/src/remote_control.cpp.o[0m
[ 33%] [32m[1mLinking CXX shared library /home/shabelson/Documents/GitHub/Thesis/ros_ws/turntable/devel/.private/rviz_visual_tools/lib/librviz_visual_tools_remote_control.so[0m
[ 33%] Built target rviz_visual_tools_remote_control
[ 37%] [34m[1mAutomatic MOC for target rviz_visual_tools[0m
[ 37%] Built target rviz_visual_tools_autogen
[ 44%] [32mBuilding CXX object CMakeFiles/rviz_visual_tools.dir/src/rviz_visual_tools.cpp.o[0m
[ 44%] [32mBuilding CXX object CMakeFiles/rviz_visual_tools.dir/rviz_visual_tools_autogen/mocs_compilation.cpp.o[0m
[ 48%] [32mBuilding CXX object CMakeFiles/rviz_visual_tools.dir/src/tf_visual_tools.cpp.o[0m
[ 51%] [32m[1mLinking CXX shared library /home/shabelson/Documents/GitHub/Thesis/ros_ws/turntable/devel/.private/rviz_visual_tools/lib/librviz_visual_tools_gui.so[0m
[ 51%] Built target rviz_visual_tools_gui
[ 55%] [32m[1mLinking CXX shared library /home/shabelson/Documents/GitHub/Thesis/ros_ws/turntable/devel/.private/rviz_visual_tools/lib/librviz_visual_tools.so[0m
[ 55%] Built target rviz_visual_tools
[ 62%] [34m[1mAutomatic MOC for target rviz_visual_tools_imarker_simple[0m
[ 62%] [34m[1mAutomatic MOC for target rviz_visual_tools_demo[0m
[ 62%] Built target rviz_visual_tools_imarker_simple_autogen
[ 62%] Built target rviz_visual_tools_demo_autogen
[ 74%] [32mBuilding CXX object CMakeFiles/rviz_visual_tools_imarker_simple.dir/src/imarker_simple.cpp.o[0m
[ 74%] [32mBuilding CXX object CMakeFiles/rviz_visual_tools_demo.dir/rviz_visual_tools_demo_autogen/mocs_compilation.cpp.o[0m
[ 74%] [32mBuilding CXX object CMakeFiles/rviz_visual_tools_demo.dir/src/rviz_visual_tools_demo.cpp.o[0m
[ 77%] [32mBuilding CXX object CMakeFiles/rviz_visual_tools_imarker_simple.dir/rviz_visual_tools_imarker_simple_autogen/mocs_compilation.cpp.o[0m
[ 81%] [32m[1mLinking CXX shared library /home/shabelson/Documents/GitHub/Thesis/ros_ws/turntable/devel/.private/rviz_visual_tools/lib/librviz_visual_tools_imarker_simple.so[0m
[ 81%] Built target rviz_visual_tools_imarker_simple
[ 85%] [34m[1mAutomatic MOC for target rviz_visual_tools_imarker_simple_demo[0m
[ 85%] Built target rviz_visual_tools_imarker_simple_demo_autogen
[ 92%] [32mBuilding CXX object CMakeFiles/rviz_visual_tools_imarker_simple_demo.dir/rviz_visual_tools_imarker_simple_demo_autogen/mocs_compilation.cpp.o[0m
[ 92%] [32mBuilding CXX object CMakeFiles/rviz_visual_tools_imarker_simple_demo.dir/src/imarker_simple_demo.cpp.o[0m
[ 96%] [32m[1mLinking CXX executable /home/shabelson/Documents/GitHub/Thesis/ros_ws/turntable/devel/.private/rviz_visual_tools/lib/rviz_visual_tools/demo[0m
[ 96%] Built target rviz_visual_tools_demo
[100%] [32m[1mLinking CXX executable /home/shabelson/Documents/GitHub/Thesis/ros_ws/turntable/devel/.private/rviz_visual_tools/lib/rviz_visual_tools/imarker_simple_demo[0m
[100%] Built target rviz_visual_tools_imarker_simple_demo
