Symlinking /home/shabelson/Documents/GitHub/Thesis/ros_ws/turntable/devel/share/moveit_calibration_plugins/cmake/moveit_calibration_pluginsConfig-version.cmake
Symlinking /home/shabelson/Documents/GitHub/Thesis/ros_ws/turntable/devel/share/moveit_calibration_plugins/cmake/moveit_calibration_pluginsConfig.cmake
Symlinking /home/shabelson/Documents/GitHub/Thesis/ros_ws/turntable/devel/lib/libmoveit_handeye_calibration_solver.so.0.1.0
Symlinking /home/shabelson/Documents/GitHub/Thesis/ros_ws/turntable/devel/lib/libmoveit_handeye_calibration_target.so
Symlinking /home/shabelson/Documents/GitHub/Thesis/ros_ws/turntable/devel/lib/libmoveit_handeye_calibration_solver_core.so
Symlinking /home/shabelson/Documents/GitHub/Thesis/ros_ws/turntable/devel/lib/libmoveit_handeye_calibration_target_core.so
Symlinking /home/shabelson/Documents/GitHub/Thesis/ros_ws/turntable/devel/lib/libmoveit_handeye_calibration_solver_core.so.0.1.0
Symlinking /home/shabelson/Documents/GitHub/Thesis/ros_ws/turntable/devel/lib/libmoveit_handeye_calibration_target.so.0.1.0
Symlinking /home/shabelson/Documents/GitHub/Thesis/ros_ws/turntable/devel/lib/libmoveit_handeye_calibration_target_core.so.0.1.0
Symlinking /home/shabelson/Documents/GitHub/Thesis/ros_ws/turntable/devel/lib/libmoveit_handeye_calibration_solver.so
Symlinking /home/shabelson/Documents/GitHub/Thesis/ros_ws/turntable/devel/lib/pkgconfig/moveit_calibration_plugins.pc
Cleaning: (/home/shabelson/ros_ws/turntable/devel/.private/moveit_calibration_plugins/cmake.lock, /home/shabelson/ros_ws/turntable/devel/./cmake.lock)
Cleaning: (/home/shabelson/ros_ws/turntable/devel/.private/moveit_calibration_plugins/share/moveit_calibration_plugins/cmake/moveit_calibration_pluginsConfig-version.cmake, /home/shabelson/ros_ws/turntable/devel/share/moveit_calibration_plugins/cmake/moveit_calibration_pluginsConfig-version.cmake)
Cleaning: (/home/shabelson/ros_ws/turntable/devel/.private/moveit_calibration_plugins/share/moveit_calibration_plugins/cmake/moveit_calibration_pluginsConfig.cmake, /home/shabelson/ros_ws/turntable/devel/share/moveit_calibration_plugins/cmake/moveit_calibration_pluginsConfig.cmake)
Cleaning: (/home/shabelson/ros_ws/turntable/devel/.private/moveit_calibration_plugins/lib/libmoveit_handeye_calibration_solver.so.0.1.0, /home/shabelson/ros_ws/turntable/devel/lib/libmoveit_handeye_calibration_solver.so.0.1.0)
Cleaning: (/home/shabelson/ros_ws/turntable/devel/.private/moveit_calibration_plugins/lib/libmoveit_handeye_calibration_target.so, /home/shabelson/ros_ws/turntable/devel/lib/libmoveit_handeye_calibration_target.so)
Cleaning: (/home/shabelson/ros_ws/turntable/devel/.private/moveit_calibration_plugins/lib/libmoveit_handeye_calibration_solver_core.so, /home/shabelson/ros_ws/turntable/devel/lib/libmoveit_handeye_calibration_solver_core.so)
Cleaning: (/home/shabelson/ros_ws/turntable/devel/.private/moveit_calibration_plugins/lib/libmoveit_handeye_calibration_target_core.so, /home/shabelson/ros_ws/turntable/devel/lib/libmoveit_handeye_calibration_target_core.so)
Cleaning: (/home/shabelson/ros_ws/turntable/devel/.private/moveit_calibration_plugins/lib/libmoveit_handeye_calibration_solver_core.so.0.1.0, /home/shabelson/ros_ws/turntable/devel/lib/libmoveit_handeye_calibration_solver_core.so.0.1.0)
Cleaning: (/home/shabelson/ros_ws/turntable/devel/.private/moveit_calibration_plugins/lib/libmoveit_handeye_calibration_target.so.0.1.0, /home/shabelson/ros_ws/turntable/devel/lib/libmoveit_handeye_calibration_target.so.0.1.0)
Cleaning: (/home/shabelson/ros_ws/turntable/devel/.private/moveit_calibration_plugins/lib/libmoveit_handeye_calibration_target_core.so.0.1.0, /home/shabelson/ros_ws/turntable/devel/lib/libmoveit_handeye_calibration_target_core.so.0.1.0)
Cleaning: (/home/shabelson/ros_ws/turntable/devel/.private/moveit_calibration_plugins/lib/libmoveit_handeye_calibration_solver.so, /home/shabelson/ros_ws/turntable/devel/lib/libmoveit_handeye_calibration_solver.so)
Cleaning: (/home/shabelson/ros_ws/turntable/devel/.private/moveit_calibration_plugins/lib/pkgconfig/moveit_calibration_plugins.pc, /home/shabelson/ros_ws/turntable/devel/lib/pkgconfig/moveit_calibration_plugins.pc)
Unlinking: /home/shabelson/ros_ws/turntable/devel/share/moveit_calibration_plugins/cmake/moveit_calibration_pluginsConfig-version.cmake
Already unlinked: {}
Unlinking: /home/shabelson/ros_ws/turntable/devel/share/moveit_calibration_plugins/cmake/moveit_calibration_pluginsConfig.cmake
Already unlinked: {}
Unlinking: /home/shabelson/ros_ws/turntable/devel/lib/libmoveit_handeye_calibration_solver.so.0.1.0
Already unlinked: {}
Unlinking: /home/shabelson/ros_ws/turntable/devel/lib/libmoveit_handeye_calibration_target.so
Already unlinked: {}
Unlinking: /home/shabelson/ros_ws/turntable/devel/lib/libmoveit_handeye_calibration_solver_core.so
Already unlinked: {}
Unlinking: /home/shabelson/ros_ws/turntable/devel/lib/libmoveit_handeye_calibration_target_core.so
Already unlinked: {}
Unlinking: /home/shabelson/ros_ws/turntable/devel/lib/libmoveit_handeye_calibration_solver_core.so.0.1.0
Already unlinked: {}
Unlinking: /home/shabelson/ros_ws/turntable/devel/lib/libmoveit_handeye_calibration_target.so.0.1.0
Already unlinked: {}
Unlinking: /home/shabelson/ros_ws/turntable/devel/lib/libmoveit_handeye_calibration_target_core.so.0.1.0
Already unlinked: {}
Unlinking: /home/shabelson/ros_ws/turntable/devel/lib/libmoveit_handeye_calibration_solver.so
Already unlinked: {}
Unlinking: /home/shabelson/ros_ws/turntable/devel/lib/pkgconfig/moveit_calibration_plugins.pc
Already unlinked: {}
