[35m[1mConsolidate compiler generated dependencies of target industrial_robot_client_dummy[0m
[  8%] Built target industrial_robot_client_dummy
[35m[1mConsolidate compiler generated dependencies of target industrial_robot_client[0m
[35m[1mConsolidate compiler generated dependencies of target industrial_robot_client_bswap[0m
[ 11%] [32mBuilding CXX object CMakeFiles/industrial_robot_client.dir/src/joint_relay_handler.cpp.o[0m
[ 14%] [32mBuilding CXX object CMakeFiles/industrial_robot_client.dir/src/robot_status_relay_handler.cpp.o[0m
[ 17%] [32mBuilding CXX object CMakeFiles/industrial_robot_client.dir/src/joint_trajectory_downloader.cpp.o[0m
[ 20%] [32mBuilding CXX object CMakeFiles/industrial_robot_client.dir/src/joint_trajectory_streamer.cpp.o[0m
[ 23%] [32mBuilding CXX object CMakeFiles/industrial_robot_client.dir/src/joint_trajectory_interface.cpp.o[0m
[ 26%] [32mBuilding CXX object CMakeFiles/industrial_robot_client_bswap.dir/src/joint_relay_handler.cpp.o[0m
[ 29%] [32mBuilding CXX object CMakeFiles/industrial_robot_client_bswap.dir/src/robot_status_relay_handler.cpp.o[0m
[ 32%] [32mBuilding CXX object CMakeFiles/industrial_robot_client.dir/src/robot_state_interface.cpp.o[0m
[ 35%] [32mBuilding CXX object CMakeFiles/industrial_robot_client_bswap.dir/src/joint_trajectory_downloader.cpp.o[0m
[ 38%] [32mBuilding CXX object CMakeFiles/industrial_robot_client_bswap.dir/src/joint_trajectory_streamer.cpp.o[0m
[ 41%] [32mBuilding CXX object CMakeFiles/industrial_robot_client_bswap.dir/src/joint_trajectory_interface.cpp.o[0m
[ 44%] [32mBuilding CXX object CMakeFiles/industrial_robot_client_bswap.dir/src/robot_state_interface.cpp.o[0m
[ 47%] [32mBuilding CXX object CMakeFiles/industrial_robot_client_bswap.dir/src/utils.cpp.o[0m
[ 50%] [32mBuilding CXX object CMakeFiles/industrial_robot_client.dir/src/utils.cpp.o[0m
[ 52%] [32m[1mLinking CXX shared library /home/shabelson/Documents/GitHub/Thesis/ros_ws/st4_ws/devel/lib/libindustrial_robot_client.so[0m
[ 52%] Built target industrial_robot_client
[35m[1mConsolidate compiler generated dependencies of target motion_streaming_interface[0m
[35m[1mConsolidate compiler generated dependencies of target robot_state[0m
[35m[1mConsolidate compiler generated dependencies of target motion_download_interface[0m
[35m[1mConsolidate compiler generated dependencies of target joint_trajectory_action[0m
[ 55%] [32mBuilding CXX object CMakeFiles/motion_streaming_interface.dir/src/generic_joint_streamer_node.cpp.o[0m
[ 58%] [32mBuilding CXX object CMakeFiles/robot_state.dir/src/generic_robot_state_node.cpp.o[0m
[ 61%] [32mBuilding CXX object CMakeFiles/motion_download_interface.dir/src/generic_joint_downloader_node.cpp.o[0m
[ 64%] [32mBuilding CXX object CMakeFiles/joint_trajectory_action.dir/src/joint_trajectory_action.cpp.o[0m
[ 67%] [32mBuilding CXX object CMakeFiles/joint_trajectory_action.dir/src/generic_joint_trajectory_action_node.cpp.o[0m
[ 70%] [32m[1mLinking CXX shared library /home/shabelson/Documents/GitHub/Thesis/ros_ws/st4_ws/devel/lib/libindustrial_robot_client_bswap.so[0m
[ 70%] Built target industrial_robot_client_bswap
[35m[1mConsolidate compiler generated dependencies of target motion_streaming_interface_bswap[0m
[35m[1mConsolidate compiler generated dependencies of target motion_download_interface_bswap[0m
[35m[1mConsolidate compiler generated dependencies of target robot_state_bswap[0m
[ 76%] [32mBuilding CXX object CMakeFiles/motion_streaming_interface_bswap.dir/src/generic_joint_streamer_node.cpp.o[0m
[ 76%] [32mBuilding CXX object CMakeFiles/motion_download_interface_bswap.dir/src/generic_joint_downloader_node.cpp.o[0m
[ 79%] [32mBuilding CXX object CMakeFiles/robot_state_bswap.dir/src/generic_robot_state_node.cpp.o[0m
[ 82%] [32m[1mLinking CXX executable /home/shabelson/Documents/GitHub/Thesis/ros_ws/st4_ws/devel/lib/industrial_robot_client/robot_state[0m
[ 82%] Built target robot_state
[ 85%] [32m[1mLinking CXX executable /home/shabelson/Documents/GitHub/Thesis/ros_ws/st4_ws/devel/lib/industrial_robot_client/motion_download_interface[0m
[ 85%] Built target motion_download_interface
[ 88%] [32m[1mLinking CXX executable /home/shabelson/Documents/GitHub/Thesis/ros_ws/st4_ws/devel/lib/industrial_robot_client/robot_state_bswap[0m
[ 91%] [32m[1mLinking CXX executable /home/shabelson/Documents/GitHub/Thesis/ros_ws/st4_ws/devel/lib/industrial_robot_client/motion_download_interface_bswap[0m
[ 94%] [32m[1mLinking CXX executable /home/shabelson/Documents/GitHub/Thesis/ros_ws/st4_ws/devel/lib/industrial_robot_client/motion_streaming_interface[0m
[ 94%] Built target robot_state_bswap
[ 94%] Built target motion_download_interface_bswap
[ 94%] Built target motion_streaming_interface
[ 97%] [32m[1mLinking CXX executable /home/shabelson/Documents/GitHub/Thesis/ros_ws/st4_ws/devel/lib/industrial_robot_client/motion_streaming_interface_bswap[0m
[ 97%] Built target motion_streaming_interface_bswap
[100%] [32m[1mLinking CXX executable /home/shabelson/Documents/GitHub/Thesis/ros_ws/st4_ws/devel/lib/industrial_robot_client/joint_trajectory_action[0m
[100%] Built target joint_trajectory_action
