[  0%] Built target visualization_msgs_generate_messages_lisp
[ 20%] Built target trajectory_msgs_generate_messages_py
[ 20%] Built target std_msgs_generate_messages_eus
[ 20%] Built target sensor_msgs_generate_messages_cpp
[ 20%] [32mBuilding CXX object CMakeFiles/abb_keyboard.dir/src/keyboard_teleop.cpp.o[0m
[ 20%] Built target industrial_msgs_generate_messages_eus
[ 20%] Built target industrial_msgs_generate_messages_cpp
[ 20%] Built target geometry_msgs_generate_messages_lisp
[ 20%] Built target rosgraph_msgs_generate_messages_nodejs
[ 20%] Built target std_msgs_generate_messages_py
[ 20%] Built target control_toolbox_gencfg
[ 20%] Built target geometry_msgs_generate_messages_py
[ 20%] Built target trajectory_msgs_generate_messages_nodejs
[ 20%] Built target trajectory_msgs_generate_messages_lisp
[ 20%] Built target trajectory_msgs_generate_messages_cpp
[ 20%] Built target actionlib_generate_messages_eus
[ 20%] Built target actionlib_generate_messages_py
[ 20%] Built target actionlib_generate_messages_lisp
[ 20%] Built target geometry_msgs_generate_messages_cpp
[ 20%] Built target actionlib_generate_messages_nodejs
[ 20%] Built target control_toolbox_generate_messages_cpp
[ 20%] Built target control_toolbox_generate_messages_eus
[ 20%] Built target abb_node_generate_messages_lisp
[ 20%] Built target industrial_msgs_generate_messages_nodejs
[ 20%] Built target control_toolbox_generate_messages_py
[ 20%] Built target control_msgs_generate_messages_eus
[ 20%] Built target std_msgs_generate_messages_cpp
[ 20%] Built target sensor_msgs_generate_messages_lisp
[ 20%] Built target control_toolbox_generate_messages_lisp
[ 20%] Built target actionlib_msgs_generate_messages_nodejs
[ 20%] Built target geometry_msgs_generate_messages_nodejs
[ 20%] Built target roscpp_generate_messages_lisp
[ 20%] Built target controller_manager_msgs_generate_messages_py
[ 20%] Built target control_msgs_generate_messages_nodejs
[ 20%] Built target dynamic_reconfigure_generate_messages_eus
[ 20%] Built target roscpp_generate_messages_cpp
[ 20%] Built target abb_node_generate_messages_py
[ 20%] Built target dynamic_reconfigure_generate_messages_nodejs
[ 20%] Built target dynamic_reconfigure_generate_messages_lisp
[ 20%] Built target dynamic_reconfigure_generate_messages_py
[ 20%] Built target sensor_msgs_generate_messages_py
[ 20%] Built target abb_node_generate_messages_cpp
[ 20%] Built target abb_node_generate_messages_eus
[ 20%] Built target industrial_msgs_generate_messages_lisp
[ 20%] Built target abb_node_generate_messages_nodejs
[ 20%] Built target std_msgs_generate_messages_lisp
[ 20%] Built target industrial_msgs_generate_messages_py
[ 20%] Built target actionlib_generate_messages_cpp
[ 20%] Built target roscpp_generate_messages_nodejs
[ 20%] Built target geometry_msgs_generate_messages_eus
[ 20%] Built target sensor_msgs_generate_messages_nodejs
[ 20%] Built target controller_manager_msgs_generate_messages_eus
[ 20%] Built target trajectory_msgs_generate_messages_eus
[ 20%] Built target roscpp_generate_messages_py
[ 20%] Built target controller_manager_msgs_generate_messages_lisp
[ 20%] Built target sensor_msgs_generate_messages_eus
[ 20%] Built target _catkin_empty_exported_target
[ 20%] Built target rosgraph_msgs_generate_messages_cpp
[ 20%] Built target control_toolbox_generate_messages_nodejs
[ 20%] Built target actionlib_msgs_generate_messages_cpp
[ 20%] Built target dynamic_reconfigure_generate_messages_cpp
[ 20%] Built target control_msgs_generate_messages_py
[ 20%] Built target rosgraph_msgs_generate_messages_eus
[ 20%] Built target rosgraph_msgs_generate_messages_lisp
[ 20%] Built target actionlib_msgs_generate_messages_eus
[ 20%] Built target roscpp_generate_messages_eus
[ 20%] Built target rosgraph_msgs_generate_messages_py
[ 20%] Built target visualization_msgs_generate_messages_py
[ 20%] Built target visualization_msgs_generate_messages_nodejs
[ 20%] Built target visualization_msgs_generate_messages_cpp
[ 20%] Built target controller_manager_msgs_generate_messages_nodejs
[ 20%] Built target actionlib_msgs_generate_messages_lisp
[ 20%] Built target visualization_msgs_generate_messages_eus
[ 20%] Built target controller_manager_msgs_generate_messages_cpp
[ 20%] Built target actionlib_msgs_generate_messages_py
[ 20%] Built target control_msgs_generate_messages_lisp
[ 20%] Built target control_msgs_generate_messages_cpp
[ 20%] Built target dynamic_reconfigure_gencfg
[ 20%] Built target std_msgs_generate_messages_nodejs
[ 40%] [32mBuilding CXX object CMakeFiles/abb_hw_main.dir/src/abb_hw_interface.cpp.o[0m
[ 60%] [32mBuilding CXX object CMakeFiles/abb_hw_main.dir/src/abb_hw_main.cpp.o[0m
[ 80%] [32m[1mLinking CXX executable /home/shabelson/Documents/GitHub/Thesis/ros_ws/st4_ws/devel/.private/abb_HW_interface/lib/abb_HW_interface/abb_keyboard[0m
[ 80%] Built target abb_keyboard
[100%] [32m[1mLinking CXX executable /home/shabelson/Documents/GitHub/Thesis/ros_ws/st4_ws/devel/.private/abb_HW_interface/lib/abb_HW_interface/abb_hw_main[0m
[100%] Built target abb_hw_main
