[  0%] Built target visualization_msgs_generate_messages_py
[  0%] Built target industrial_msgs_generate_messages_py
[  0%] Built target visualization_msgs_generate_messages_cpp
[  0%] Built target visualization_msgs_generate_messages_nodejs
[  0%] Built target visualization_msgs_generate_messages_eus
[  0%] Built target actionlib_msgs_generate_messages_py
[  0%] Built target actionlib_msgs_generate_messages_lisp
[  0%] Built target controller_manager_msgs_generate_messages_cpp
[  0%] Built target controller_manager_msgs_generate_messages_nodejs
[  0%] Built target std_msgs_generate_messages_nodejs
[  0%] Built target dynamic_reconfigure_gencfg
[  0%] Built target control_msgs_generate_messages_cpp
[  0%] Built target control_msgs_generate_messages_lisp
[ 20%] Built target control_msgs_generate_messages_eus
[ 40%] Built target abb_keyboard
[ 40%] Built target abb_node_generate_messages_lisp
[ 40%] Built target sensor_msgs_generate_messages_cpp
[ 40%] Built target control_toolbox_generate_messages_lisp
[ 40%] Built target sensor_msgs_generate_messages_lisp
[ 40%] Built target roscpp_generate_messages_lisp
[ 40%] Built target controller_manager_msgs_generate_messages_py
[ 40%] Built target geometry_msgs_generate_messages_nodejs
[ 40%] Built target control_msgs_generate_messages_nodejs
[ 40%] Built target actionlib_msgs_generate_messages_nodejs
[ 40%] Built target roscpp_generate_messages_cpp
[ 40%] Built target std_msgs_generate_messages_cpp
[ 40%] Built target actionlib_generate_messages_cpp
[ 40%] Built target sensor_msgs_generate_messages_nodejs
[ 40%] Built target geometry_msgs_generate_messages_eus
[ 40%] Built target trajectory_msgs_generate_messages_eus
[ 40%] Built target roscpp_generate_messages_py
[ 40%] Built target controller_manager_msgs_generate_messages_lisp
[ 40%] Built target _catkin_empty_exported_target
[ 40%] Built target control_toolbox_generate_messages_nodejs
[ 40%] Built target sensor_msgs_generate_messages_eus
[ 40%] Built target controller_manager_msgs_generate_messages_eus
[ 40%] Built target rosgraph_msgs_generate_messages_cpp
[ 40%] Built target dynamic_reconfigure_generate_messages_cpp
[ 40%] Built target rosgraph_msgs_generate_messages_eus
[ 40%] Built target control_msgs_generate_messages_py
[ 40%] Built target actionlib_msgs_generate_messages_eus
[ 40%] Built target rosgraph_msgs_generate_messages_lisp
[ 40%] Built target actionlib_msgs_generate_messages_cpp
[ 40%] Built target roscpp_generate_messages_eus
[ 40%] Built target rosgraph_msgs_generate_messages_py
[ 40%] Built target visualization_msgs_generate_messages_lisp
[ 40%] Built target std_msgs_generate_messages_eus
[ 40%] Built target industrial_msgs_generate_messages_eus
[ 40%] Built target industrial_msgs_generate_messages_cpp
[ 40%] Built target rosgraph_msgs_generate_messages_nodejs
[ 40%] Built target trajectory_msgs_generate_messages_py
[ 40%] Built target geometry_msgs_generate_messages_lisp
[ 40%] Built target std_msgs_generate_messages_py
[ 40%] Built target control_toolbox_gencfg
[ 40%] Built target geometry_msgs_generate_messages_py
[ 40%] Built target trajectory_msgs_generate_messages_lisp
[ 40%] Built target actionlib_generate_messages_eus
[ 40%] Built target trajectory_msgs_generate_messages_cpp
[ 40%] Built target actionlib_generate_messages_lisp
[ 40%] Built target trajectory_msgs_generate_messages_nodejs
[ 40%] Built target geometry_msgs_generate_messages_cpp
[ 40%] Built target actionlib_generate_messages_nodejs
[ 40%] Built target control_toolbox_generate_messages_cpp
[ 40%] Built target industrial_msgs_generate_messages_nodejs
[ 40%] Built target control_toolbox_generate_messages_eus
[ 40%] Built target actionlib_generate_messages_py
[ 40%] Built target dynamic_reconfigure_generate_messages_eus
[ 40%] Built target abb_node_generate_messages_py
[ 40%] Built target control_toolbox_generate_messages_py
[ 40%] Built target dynamic_reconfigure_generate_messages_py
[ 40%] Built target dynamic_reconfigure_generate_messages_lisp
[ 40%] Built target dynamic_reconfigure_generate_messages_nodejs
[ 40%] Built target sensor_msgs_generate_messages_py
[ 40%] Built target abb_node_generate_messages_cpp
[ 40%] Built target abb_node_generate_messages_eus
[ 40%] Built target industrial_msgs_generate_messages_lisp
[ 40%] Built target roscpp_generate_messages_nodejs
[ 40%] Built target std_msgs_generate_messages_lisp
[ 40%] Built target abb_node_generate_messages_nodejs
[100%] Built target abb_hw_main
