Not searching for unused variables given on the command line.
[36m--[0m Using CATKIN_DEVEL_PREFIX: /home/shabelson/Documents/GitHub/Thesis/ros_ws/st4_ws/devel/.private/abb_HW_interface
[36m--[0m Using CMAKE_PREFIX_PATH: /home/shabelson/Documents/GitHub/Thesis/ros_ws/st4_ws/devel;/opt/ros/melodic
[36m--[0m This workspace overlays: /home/shabelson/Documents/GitHub/Thesis/ros_ws/st4_ws/devel;/opt/ros/melodic
[36m--[0m Found PythonInterp: /usr/bin/python2 (found suitable version "2.7.17", minimum required is "2")
[36m--[0m Using PYTHON_EXECUTABLE: /usr/bin/python2
[36m--[0m Using Debian Python package layout
[36m--[0m Using empy: /usr/bin/empy
[36m--[0m Using CATKIN_ENABLE_TESTING: ON
[36m--[0m Call enable_testing()
[36m--[0m Using CATKIN_TEST_RESULTS_DIR: /home/shabelson/Documents/GitHub/Thesis/ros_ws/st4_ws/build/abb_HW_interface/test_results
[36m--[0m Found gtest sources under '/usr/src/googletest': gtests will be built
[36m--[0m Found gmock sources under '/usr/src/googletest': gmock will be built
[36m--[0m Found PythonInterp: /usr/bin/python2 (found version "2.7.17")
[36m--[0m Using Python nosetests: /usr/bin/nosetests-2.7
[36m--[0m catkin 0.7.29
[36m--[0m BUILD_SHARED_LIBS is on
[36m--[0m Using these message generators: gencpp;geneus;genlisp;gennodejs;genpy
[36m--[0m simple_message: work around for #46
[36m--[0m industrial_robot_client: work around for #46
[33mWARNING: Package name "abb_HW_interface" does not follow the naming conventions. It should start with a lower case letter and only contain lower case letters, digits, underscores, and dashes.[0m
[36m--[0m Configuring done
[36m--[0m Generating done
[36m--[0m Build files have been written to: /home/shabelson/Documents/GitHub/Thesis/ros_ws/st4_ws/build/abb_HW_interface
