Not searching for unused variables given on the command line.
[36m--[0m The C compiler identification is GNU 7.5.0
[36m--[0m The CXX compiler identification is GNU 7.5.0
[36m--[0m Detecting C compiler ABI info
[36m--[0m Detecting C compiler ABI info - done
[36m--[0m Check for working C compiler: /usr/bin/cc - skipped
[36m--[0m Detecting C compile features
[36m--[0m Detecting C compile features - done
[36m--[0m Detecting CXX compiler ABI info
[36m--[0m Detecting CXX compiler ABI info - done
[36m--[0m Check for working CXX compiler: /usr/bin/c++ - skipped
[36m--[0m Detecting CXX compile features
[36m--[0m Detecting CXX compile features - done
[36m--[0m Performing Test COMPILER_SUPPORTS_CXX11
[36m--[0m Performing Test COMPILER_SUPPORTS_CXX11 - Success
[36m--[0m Performing Test COMPILER_SUPPORTS_CXX0X
[36m--[0m Performing Test COMPILER_SUPPORTS_CXX0X - Success
[36m--[0m Using CATKIN_DEVEL_PREFIX: /home/shabelson/Documents/GitHub/Thesis/ros_ws/turntable/devel/.private/handeye_calib_camodocal
[36m--[0m Using CMAKE_PREFIX_PATH: /home/shabelson/Documents/GitHub/Thesis/ros_ws/turntable/devel;/opt/ros/melodic
[36m--[0m This workspace overlays: /home/shabelson/Documents/GitHub/Thesis/ros_ws/turntable/devel;/opt/ros/melodic
[36m--[0m Found PythonInterp: /usr/bin/python2 (found suitable version "2.7.17", minimum required is "2")
[36m--[0m Using PYTHON_EXECUTABLE: /usr/bin/python2
[36m--[0m Using Debian Python package layout
[36m--[0m Using empy: /usr/bin/empy
[36m--[0m Using CATKIN_ENABLE_TESTING: ON
[36m--[0m Call enable_testing()
[36m--[0m Using CATKIN_TEST_RESULTS_DIR: /home/shabelson/Documents/GitHub/Thesis/ros_ws/turntable/build/handeye_calib_camodocal/test_results
[36m--[0m Found gtest sources under '/usr/src/googletest': gtests will be built
[36m--[0m Found gmock sources under '/usr/src/googletest': gmock will be built
[0mCMake Deprecation Warning at /usr/src/googletest/CMakeLists.txt:1 (cmake_minimum_required):
  Compatibility with CMake < 2.8.12 will be removed from a future version of
  CMake.

  Update the VERSION argument <min> value or use a ...<max> suffix to tell
  CMake that the project does not need compatibility with older versions.

[0m
[0mCMake Deprecation Warning at /usr/src/googletest/googlemock/CMakeLists.txt:41 (cmake_minimum_required):
  Compatibility with CMake < 2.8.12 will be removed from a future version of
  CMake.

  Update the VERSION argument <min> value or use a ...<max> suffix to tell
  CMake that the project does not need compatibility with older versions.

[0m
[0mCMake Deprecation Warning at /usr/src/googletest/googletest/CMakeLists.txt:48 (cmake_minimum_required):
  Compatibility with CMake < 2.8.12 will be removed from a future version of
  CMake.

  Update the VERSION argument <min> value or use a ...<max> suffix to tell
  CMake that the project does not need compatibility with older versions.

[0m
[36m--[0m Found PythonInterp: /usr/bin/python2 (found version "2.7.17")
[36m--[0m Looking for pthread.h
[36m--[0m Looking for pthread.h - found
[36m--[0m Performing Test CMAKE_HAVE_LIBC_PTHREAD
[36m--[0m Performing Test CMAKE_HAVE_LIBC_PTHREAD - Failed
[36m--[0m Looking for pthread_create in pthreads
[36m--[0m Looking for pthread_create in pthreads - not found
[36m--[0m Looking for pthread_create in pthread
[36m--[0m Looking for pthread_create in pthread - found
[36m--[0m Found Threads: TRUE
[36m--[0m Using Python nosetests: /usr/bin/nosetests-2.7
[36m--[0m catkin 0.7.29
[36m--[0m BUILD_SHARED_LIBS is on
[36m--[0m Using these message generators: gencpp;geneus;genlisp;gennodejs;genpy
[36m--[0m No preference for use of exported gflags CMake configuration set, and no hints for include/library directories provided. Defaulting to preferring an installed/exported gflags CMake configuration if available.
[36m--[0m Found installed version of gflags: /usr/lib/x86_64-linux-gnu/cmake/gflags
[36m--[0m Detected gflags version: 2.2.1
[36m--[0m Found Gflags: /usr/include
[36m--[0m Found Glog: /usr/include
[0mGflags found = TRUE[0m
[0mGlog found = TRUE[0m
[36m--[0m Found installed version of Eigen: /usr/lib/cmake/eigen3
[36m--[0m Found required Ceres dependency: Eigen version 3.3.4 in /usr/include/eigen3
[36m--[0m Found required Ceres dependency: glog
[36m--[0m Found installed version of gflags: /usr/lib/x86_64-linux-gnu/cmake/gflags
[36m--[0m Detected gflags version: 2.2.1
[36m--[0m Found required Ceres dependency: gflags
[36m--[0m Found Ceres version: 1.13.0 installed in: /usr with components: [LAPACK, SuiteSparse, SparseLinearAlgebraLibrary, CXSparse, SchurSpecializations, OpenMP]
[36m--[0m Found CUDA: /usr/local/cuda (found suitable exact version "10.0")
[36m--[0m Found OpenCV: /usr/local (found version "3.4.17")
[36m--[0m OpenCV version: 3.4.17
[36m--[0m defined HAVE_OPENCV3
[36m--[0m Looking for C++ include opencv2/face/facerec.hpp
[36m--[0m Looking for C++ include opencv2/face/facerec.hpp - found
[36m--[0m Looking for C++ include opencv2/xfeatures2d/nonfree.hpp
[36m--[0m Looking for C++ include opencv2/xfeatures2d/nonfree.hpp - found
[36m--[0m Looking for C++ include opencv2/cudafeatures2d.hpp
[36m--[0m Looking for C++ include opencv2/cudafeatures2d.hpp - found
[36m--[0m defined HAVE_CUDA
[0mGLOG = /usr/lib/x86_64-linux-gnu/libglog.so    [0m
[36m--[0m Configuring done
[36m--[0m Generating done
[36m--[0m Build files have been written to: /home/shabelson/Documents/GitHub/Thesis/ros_ws/turntable/build/handeye_calib_camodocal
