Linked: (/home/shabelson/Documents/GitHub/Thesis/ros_ws/st4_ws/devel/.private/abb_node/share/abb_node/cmake/abb_nodeConfig-version.cmake, /home/shabelson/Documents/GitHub/Thesis/ros_ws/st4_ws/devel/share/abb_node/cmake/abb_nodeConfig-version.cmake)
Linked: (/home/shabelson/Documents/GitHub/Thesis/ros_ws/st4_ws/devel/.private/abb_node/share/abb_node/cmake/abb_node-msg-paths.cmake, /home/shabelson/Documents/GitHub/Thesis/ros_ws/st4_ws/devel/share/abb_node/cmake/abb_node-msg-paths.cmake)
Linked: (/home/shabelson/Documents/GitHub/Thesis/ros_ws/st4_ws/devel/.private/abb_node/share/abb_node/cmake/abb_nodeConfig.cmake, /home/shabelson/Documents/GitHub/Thesis/ros_ws/st4_ws/devel/share/abb_node/cmake/abb_nodeConfig.cmake)
Linked: (/home/shabelson/Documents/GitHub/Thesis/ros_ws/st4_ws/devel/.private/abb_node/share/abb_node/cmake/abb_node-msg-extras.cmake, /home/shabelson/Documents/GitHub/Thesis/ros_ws/st4_ws/devel/share/abb_node/cmake/abb_node-msg-extras.cmake)
Linked: (/home/shabelson/Documents/GitHub/Thesis/ros_ws/st4_ws/devel/.private/abb_node/share/gennodejs/ros/abb_node/_index.js, /home/shabelson/Documents/GitHub/Thesis/ros_ws/st4_ws/devel/share/gennodejs/ros/abb_node/_index.js)
Linked: (/home/shabelson/Documents/GitHub/Thesis/ros_ws/st4_ws/devel/.private/abb_node/share/gennodejs/ros/abb_node/srv/robot_SetCartesian.js, /home/shabelson/Documents/GitHub/Thesis/ros_ws/st4_ws/devel/share/gennodejs/ros/abb_node/srv/robot_SetCartesian.js)
Linked: (/home/shabelson/Documents/GitHub/Thesis/ros_ws/st4_ws/devel/.private/abb_node/share/gennodejs/ros/abb_node/srv/robot_SetJoints.js, /home/shabelson/Documents/GitHub/Thesis/ros_ws/st4_ws/devel/share/gennodejs/ros/abb_node/srv/robot_SetJoints.js)
Linked: (/home/shabelson/Documents/GitHub/Thesis/ros_ws/st4_ws/devel/.private/abb_node/share/gennodejs/ros/abb_node/srv/robot_Stop.js, /home/shabelson/Documents/GitHub/Thesis/ros_ws/st4_ws/devel/share/gennodejs/ros/abb_node/srv/robot_Stop.js)
Linked: (/home/shabelson/Documents/GitHub/Thesis/ros_ws/st4_ws/devel/.private/abb_node/share/gennodejs/ros/abb_node/srv/robot_SpecialCommand.js, /home/shabelson/Documents/GitHub/Thesis/ros_ws/st4_ws/devel/share/gennodejs/ros/abb_node/srv/robot_SpecialCommand.js)
Linked: (/home/shabelson/Documents/GitHub/Thesis/ros_ws/st4_ws/devel/.private/abb_node/share/gennodejs/ros/abb_node/srv/robot_SetWorkObject.js, /home/shabelson/Documents/GitHub/Thesis/ros_ws/st4_ws/devel/share/gennodejs/ros/abb_node/srv/robot_SetWorkObject.js)
Linked: (/home/shabelson/Documents/GitHub/Thesis/ros_ws/st4_ws/devel/.private/abb_node/share/gennodejs/ros/abb_node/srv/robot_SetComm.js, /home/shabelson/Documents/GitHub/Thesis/ros_ws/st4_ws/devel/share/gennodejs/ros/abb_node/srv/robot_SetComm.js)
Linked: (/home/shabelson/Documents/GitHub/Thesis/ros_ws/st4_ws/devel/.private/abb_node/share/gennodejs/ros/abb_node/srv/robot_GetJoints.js, /home/shabelson/Documents/GitHub/Thesis/ros_ws/st4_ws/devel/share/gennodejs/ros/abb_node/srv/robot_GetJoints.js)
Linked: (/home/shabelson/Documents/GitHub/Thesis/ros_ws/st4_ws/devel/.private/abb_node/share/gennodejs/ros/abb_node/srv/robot_GetCartesian.js, /home/shabelson/Documents/GitHub/Thesis/ros_ws/st4_ws/devel/share/gennodejs/ros/abb_node/srv/robot_GetCartesian.js)
Linked: (/home/shabelson/Documents/GitHub/Thesis/ros_ws/st4_ws/devel/.private/abb_node/share/gennodejs/ros/abb_node/srv/robot_Ping.js, /home/shabelson/Documents/GitHub/Thesis/ros_ws/st4_ws/devel/share/gennodejs/ros/abb_node/srv/robot_Ping.js)
Linked: (/home/shabelson/Documents/GitHub/Thesis/ros_ws/st4_ws/devel/.private/abb_node/share/gennodejs/ros/abb_node/srv/robot_SetTool.js, /home/shabelson/Documents/GitHub/Thesis/ros_ws/st4_ws/devel/share/gennodejs/ros/abb_node/srv/robot_SetTool.js)
Linked: (/home/shabelson/Documents/GitHub/Thesis/ros_ws/st4_ws/devel/.private/abb_node/share/gennodejs/ros/abb_node/srv/robot_SetSpeed.js, /home/shabelson/Documents/GitHub/Thesis/ros_ws/st4_ws/devel/share/gennodejs/ros/abb_node/srv/robot_SetSpeed.js)
Linked: (/home/shabelson/Documents/GitHub/Thesis/ros_ws/st4_ws/devel/.private/abb_node/share/gennodejs/ros/abb_node/srv/robot_SetDIO.js, /home/shabelson/Documents/GitHub/Thesis/ros_ws/st4_ws/devel/share/gennodejs/ros/abb_node/srv/robot_SetDIO.js)
Linked: (/home/shabelson/Documents/GitHub/Thesis/ros_ws/st4_ws/devel/.private/abb_node/share/gennodejs/ros/abb_node/srv/robot_IsMoving.js, /home/shabelson/Documents/GitHub/Thesis/ros_ws/st4_ws/devel/share/gennodejs/ros/abb_node/srv/robot_IsMoving.js)
Linked: (/home/shabelson/Documents/GitHub/Thesis/ros_ws/st4_ws/devel/.private/abb_node/share/gennodejs/ros/abb_node/srv/robot_SetVacuum.js, /home/shabelson/Documents/GitHub/Thesis/ros_ws/st4_ws/devel/share/gennodejs/ros/abb_node/srv/robot_SetVacuum.js)
Linked: (/home/shabelson/Documents/GitHub/Thesis/ros_ws/st4_ws/devel/.private/abb_node/share/gennodejs/ros/abb_node/srv/_index.js, /home/shabelson/Documents/GitHub/Thesis/ros_ws/st4_ws/devel/share/gennodejs/ros/abb_node/srv/_index.js)
Linked: (/home/shabelson/Documents/GitHub/Thesis/ros_ws/st4_ws/devel/.private/abb_node/share/gennodejs/ros/abb_node/srv/robot_SetZone.js, /home/shabelson/Documents/GitHub/Thesis/ros_ws/st4_ws/devel/share/gennodejs/ros/abb_node/srv/robot_SetZone.js)
Linked: (/home/shabelson/Documents/GitHub/Thesis/ros_ws/st4_ws/devel/.private/abb_node/share/gennodejs/ros/abb_node/srv/robot_SetTrackDist.js, /home/shabelson/Documents/GitHub/Thesis/ros_ws/st4_ws/devel/share/gennodejs/ros/abb_node/srv/robot_SetTrackDist.js)
Linked: (/home/shabelson/Documents/GitHub/Thesis/ros_ws/st4_ws/devel/.private/abb_node/share/roseus/ros/abb_node/manifest.l, /home/shabelson/Documents/GitHub/Thesis/ros_ws/st4_ws/devel/share/roseus/ros/abb_node/manifest.l)
Linked: (/home/shabelson/Documents/GitHub/Thesis/ros_ws/st4_ws/devel/.private/abb_node/share/roseus/ros/abb_node/srv/robot_SetTool.l, /home/shabelson/Documents/GitHub/Thesis/ros_ws/st4_ws/devel/share/roseus/ros/abb_node/srv/robot_SetTool.l)
Linked: (/home/shabelson/Documents/GitHub/Thesis/ros_ws/st4_ws/devel/.private/abb_node/share/roseus/ros/abb_node/srv/robot_IsMoving.l, /home/shabelson/Documents/GitHub/Thesis/ros_ws/st4_ws/devel/share/roseus/ros/abb_node/srv/robot_IsMoving.l)
Linked: (/home/shabelson/Documents/GitHub/Thesis/ros_ws/st4_ws/devel/.private/abb_node/share/roseus/ros/abb_node/srv/robot_GetJoints.l, /home/shabelson/Documents/GitHub/Thesis/ros_ws/st4_ws/devel/share/roseus/ros/abb_node/srv/robot_GetJoints.l)
Linked: (/home/shabelson/Documents/GitHub/Thesis/ros_ws/st4_ws/devel/.private/abb_node/share/roseus/ros/abb_node/srv/robot_Stop.l, /home/shabelson/Documents/GitHub/Thesis/ros_ws/st4_ws/devel/share/roseus/ros/abb_node/srv/robot_Stop.l)
Linked: (/home/shabelson/Documents/GitHub/Thesis/ros_ws/st4_ws/devel/.private/abb_node/share/roseus/ros/abb_node/srv/robot_SetVacuum.l, /home/shabelson/Documents/GitHub/Thesis/ros_ws/st4_ws/devel/share/roseus/ros/abb_node/srv/robot_SetVacuum.l)
Linked: (/home/shabelson/Documents/GitHub/Thesis/ros_ws/st4_ws/devel/.private/abb_node/share/roseus/ros/abb_node/srv/robot_Ping.l, /home/shabelson/Documents/GitHub/Thesis/ros_ws/st4_ws/devel/share/roseus/ros/abb_node/srv/robot_Ping.l)
Linked: (/home/shabelson/Documents/GitHub/Thesis/ros_ws/st4_ws/devel/.private/abb_node/share/roseus/ros/abb_node/srv/robot_GetCartesian.l, /home/shabelson/Documents/GitHub/Thesis/ros_ws/st4_ws/devel/share/roseus/ros/abb_node/srv/robot_GetCartesian.l)
Linked: (/home/shabelson/Documents/GitHub/Thesis/ros_ws/st4_ws/devel/.private/abb_node/share/roseus/ros/abb_node/srv/robot_SetSpeed.l, /home/shabelson/Documents/GitHub/Thesis/ros_ws/st4_ws/devel/share/roseus/ros/abb_node/srv/robot_SetSpeed.l)
Linked: (/home/shabelson/Documents/GitHub/Thesis/ros_ws/st4_ws/devel/.private/abb_node/share/roseus/ros/abb_node/srv/robot_SpecialCommand.l, /home/shabelson/Documents/GitHub/Thesis/ros_ws/st4_ws/devel/share/roseus/ros/abb_node/srv/robot_SpecialCommand.l)
Linked: (/home/shabelson/Documents/GitHub/Thesis/ros_ws/st4_ws/devel/.private/abb_node/share/roseus/ros/abb_node/srv/robot_SetWorkObject.l, /home/shabelson/Documents/GitHub/Thesis/ros_ws/st4_ws/devel/share/roseus/ros/abb_node/srv/robot_SetWorkObject.l)
Linked: (/home/shabelson/Documents/GitHub/Thesis/ros_ws/st4_ws/devel/.private/abb_node/share/roseus/ros/abb_node/srv/robot_SetDIO.l, /home/shabelson/Documents/GitHub/Thesis/ros_ws/st4_ws/devel/share/roseus/ros/abb_node/srv/robot_SetDIO.l)
Linked: (/home/shabelson/Documents/GitHub/Thesis/ros_ws/st4_ws/devel/.private/abb_node/share/roseus/ros/abb_node/srv/robot_SetComm.l, /home/shabelson/Documents/GitHub/Thesis/ros_ws/st4_ws/devel/share/roseus/ros/abb_node/srv/robot_SetComm.l)
Linked: (/home/shabelson/Documents/GitHub/Thesis/ros_ws/st4_ws/devel/.private/abb_node/share/roseus/ros/abb_node/srv/robot_SetTrackDist.l, /home/shabelson/Documents/GitHub/Thesis/ros_ws/st4_ws/devel/share/roseus/ros/abb_node/srv/robot_SetTrackDist.l)
Linked: (/home/shabelson/Documents/GitHub/Thesis/ros_ws/st4_ws/devel/.private/abb_node/share/roseus/ros/abb_node/srv/robot_SetCartesian.l, /home/shabelson/Documents/GitHub/Thesis/ros_ws/st4_ws/devel/share/roseus/ros/abb_node/srv/robot_SetCartesian.l)
Linked: (/home/shabelson/Documents/GitHub/Thesis/ros_ws/st4_ws/devel/.private/abb_node/share/roseus/ros/abb_node/srv/robot_SetZone.l, /home/shabelson/Documents/GitHub/Thesis/ros_ws/st4_ws/devel/share/roseus/ros/abb_node/srv/robot_SetZone.l)
Linked: (/home/shabelson/Documents/GitHub/Thesis/ros_ws/st4_ws/devel/.private/abb_node/share/roseus/ros/abb_node/srv/robot_SetJoints.l, /home/shabelson/Documents/GitHub/Thesis/ros_ws/st4_ws/devel/share/roseus/ros/abb_node/srv/robot_SetJoints.l)
Linked: (/home/shabelson/Documents/GitHub/Thesis/ros_ws/st4_ws/devel/.private/abb_node/share/common-lisp/ros/abb_node/srv/abb_node-srv.asd, /home/shabelson/Documents/GitHub/Thesis/ros_ws/st4_ws/devel/share/common-lisp/ros/abb_node/srv/abb_node-srv.asd)
Linked: (/home/shabelson/Documents/GitHub/Thesis/ros_ws/st4_ws/devel/.private/abb_node/share/common-lisp/ros/abb_node/srv/_package_robot_SpecialCommand.lisp, /home/shabelson/Documents/GitHub/Thesis/ros_ws/st4_ws/devel/share/common-lisp/ros/abb_node/srv/_package_robot_SpecialCommand.lisp)
Linked: (/home/shabelson/Documents/GitHub/Thesis/ros_ws/st4_ws/devel/.private/abb_node/share/common-lisp/ros/abb_node/srv/robot_SetZone.lisp, /home/shabelson/Documents/GitHub/Thesis/ros_ws/st4_ws/devel/share/common-lisp/ros/abb_node/srv/robot_SetZone.lisp)
Linked: (/home/shabelson/Documents/GitHub/Thesis/ros_ws/st4_ws/devel/.private/abb_node/share/common-lisp/ros/abb_node/srv/_package_robot_Stop.lisp, /home/shabelson/Documents/GitHub/Thesis/ros_ws/st4_ws/devel/share/common-lisp/ros/abb_node/srv/_package_robot_Stop.lisp)
Linked: (/home/shabelson/Documents/GitHub/Thesis/ros_ws/st4_ws/devel/.private/abb_node/share/common-lisp/ros/abb_node/srv/_package_robot_GetCartesian.lisp, /home/shabelson/Documents/GitHub/Thesis/ros_ws/st4_ws/devel/share/common-lisp/ros/abb_node/srv/_package_robot_GetCartesian.lisp)
Linked: (/home/shabelson/Documents/GitHub/Thesis/ros_ws/st4_ws/devel/.private/abb_node/share/common-lisp/ros/abb_node/srv/_package_robot_SetJoints.lisp, /home/shabelson/Documents/GitHub/Thesis/ros_ws/st4_ws/devel/share/common-lisp/ros/abb_node/srv/_package_robot_SetJoints.lisp)
Linked: (/home/shabelson/Documents/GitHub/Thesis/ros_ws/st4_ws/devel/.private/abb_node/share/common-lisp/ros/abb_node/srv/robot_GetCartesian.lisp, /home/shabelson/Documents/GitHub/Thesis/ros_ws/st4_ws/devel/share/common-lisp/ros/abb_node/srv/robot_GetCartesian.lisp)
Linked: (/home/shabelson/Documents/GitHub/Thesis/ros_ws/st4_ws/devel/.private/abb_node/share/common-lisp/ros/abb_node/srv/robot_SetTool.lisp, /home/shabelson/Documents/GitHub/Thesis/ros_ws/st4_ws/devel/share/common-lisp/ros/abb_node/srv/robot_SetTool.lisp)
Linked: (/home/shabelson/Documents/GitHub/Thesis/ros_ws/st4_ws/devel/.private/abb_node/share/common-lisp/ros/abb_node/srv/robot_SetDIO.lisp, /home/shabelson/Documents/GitHub/Thesis/ros_ws/st4_ws/devel/share/common-lisp/ros/abb_node/srv/robot_SetDIO.lisp)
Linked: (/home/shabelson/Documents/GitHub/Thesis/ros_ws/st4_ws/devel/.private/abb_node/share/common-lisp/ros/abb_node/srv/robot_IsMoving.lisp, /home/shabelson/Documents/GitHub/Thesis/ros_ws/st4_ws/devel/share/common-lisp/ros/abb_node/srv/robot_IsMoving.lisp)
Linked: (/home/shabelson/Documents/GitHub/Thesis/ros_ws/st4_ws/devel/.private/abb_node/share/common-lisp/ros/abb_node/srv/_package_robot_GetJoints.lisp, /home/shabelson/Documents/GitHub/Thesis/ros_ws/st4_ws/devel/share/common-lisp/ros/abb_node/srv/_package_robot_GetJoints.lisp)
Linked: (/home/shabelson/Documents/GitHub/Thesis/ros_ws/st4_ws/devel/.private/abb_node/share/common-lisp/ros/abb_node/srv/robot_SetCartesian.lisp, /home/shabelson/Documents/GitHub/Thesis/ros_ws/st4_ws/devel/share/common-lisp/ros/abb_node/srv/robot_SetCartesian.lisp)
Linked: (/home/shabelson/Documents/GitHub/Thesis/ros_ws/st4_ws/devel/.private/abb_node/share/common-lisp/ros/abb_node/srv/_package_robot_IsMoving.lisp, /home/shabelson/Documents/GitHub/Thesis/ros_ws/st4_ws/devel/share/common-lisp/ros/abb_node/srv/_package_robot_IsMoving.lisp)
Linked: (/home/shabelson/Documents/GitHub/Thesis/ros_ws/st4_ws/devel/.private/abb_node/share/common-lisp/ros/abb_node/srv/_package_robot_SetTool.lisp, /home/shabelson/Documents/GitHub/Thesis/ros_ws/st4_ws/devel/share/common-lisp/ros/abb_node/srv/_package_robot_SetTool.lisp)
Linked: (/home/shabelson/Documents/GitHub/Thesis/ros_ws/st4_ws/devel/.private/abb_node/share/common-lisp/ros/abb_node/srv/robot_SetWorkObject.lisp, /home/shabelson/Documents/GitHub/Thesis/ros_ws/st4_ws/devel/share/common-lisp/ros/abb_node/srv/robot_SetWorkObject.lisp)
Linked: (/home/shabelson/Documents/GitHub/Thesis/ros_ws/st4_ws/devel/.private/abb_node/share/common-lisp/ros/abb_node/srv/robot_Ping.lisp, /home/shabelson/Documents/GitHub/Thesis/ros_ws/st4_ws/devel/share/common-lisp/ros/abb_node/srv/robot_Ping.lisp)
Linked: (/home/shabelson/Documents/GitHub/Thesis/ros_ws/st4_ws/devel/.private/abb_node/share/common-lisp/ros/abb_node/srv/_package_robot_SetCartesian.lisp, /home/shabelson/Documents/GitHub/Thesis/ros_ws/st4_ws/devel/share/common-lisp/ros/abb_node/srv/_package_robot_SetCartesian.lisp)
Linked: (/home/shabelson/Documents/GitHub/Thesis/ros_ws/st4_ws/devel/.private/abb_node/share/common-lisp/ros/abb_node/srv/robot_SetJoints.lisp, /home/shabelson/Documents/GitHub/Thesis/ros_ws/st4_ws/devel/share/common-lisp/ros/abb_node/srv/robot_SetJoints.lisp)
Linked: (/home/shabelson/Documents/GitHub/Thesis/ros_ws/st4_ws/devel/.private/abb_node/share/common-lisp/ros/abb_node/srv/robot_SetTrackDist.lisp, /home/shabelson/Documents/GitHub/Thesis/ros_ws/st4_ws/devel/share/common-lisp/ros/abb_node/srv/robot_SetTrackDist.lisp)
Linked: (/home/shabelson/Documents/GitHub/Thesis/ros_ws/st4_ws/devel/.private/abb_node/share/common-lisp/ros/abb_node/srv/robot_SetComm.lisp, /home/shabelson/Documents/GitHub/Thesis/ros_ws/st4_ws/devel/share/common-lisp/ros/abb_node/srv/robot_SetComm.lisp)
Linked: (/home/shabelson/Documents/GitHub/Thesis/ros_ws/st4_ws/devel/.private/abb_node/share/common-lisp/ros/abb_node/srv/_package.lisp, /home/shabelson/Documents/GitHub/Thesis/ros_ws/st4_ws/devel/share/common-lisp/ros/abb_node/srv/_package.lisp)
Linked: (/home/shabelson/Documents/GitHub/Thesis/ros_ws/st4_ws/devel/.private/abb_node/share/common-lisp/ros/abb_node/srv/_package_robot_SetVacuum.lisp, /home/shabelson/Documents/GitHub/Thesis/ros_ws/st4_ws/devel/share/common-lisp/ros/abb_node/srv/_package_robot_SetVacuum.lisp)
Linked: (/home/shabelson/Documents/GitHub/Thesis/ros_ws/st4_ws/devel/.private/abb_node/share/common-lisp/ros/abb_node/srv/robot_GetJoints.lisp, /home/shabelson/Documents/GitHub/Thesis/ros_ws/st4_ws/devel/share/common-lisp/ros/abb_node/srv/robot_GetJoints.lisp)
Linked: (/home/shabelson/Documents/GitHub/Thesis/ros_ws/st4_ws/devel/.private/abb_node/share/common-lisp/ros/abb_node/srv/_package_robot_SetComm.lisp, /home/shabelson/Documents/GitHub/Thesis/ros_ws/st4_ws/devel/share/common-lisp/ros/abb_node/srv/_package_robot_SetComm.lisp)
Linked: (/home/shabelson/Documents/GitHub/Thesis/ros_ws/st4_ws/devel/.private/abb_node/share/common-lisp/ros/abb_node/srv/robot_Stop.lisp, /home/shabelson/Documents/GitHub/Thesis/ros_ws/st4_ws/devel/share/common-lisp/ros/abb_node/srv/robot_Stop.lisp)
Linked: (/home/shabelson/Documents/GitHub/Thesis/ros_ws/st4_ws/devel/.private/abb_node/share/common-lisp/ros/abb_node/srv/robot_SetSpeed.lisp, /home/shabelson/Documents/GitHub/Thesis/ros_ws/st4_ws/devel/share/common-lisp/ros/abb_node/srv/robot_SetSpeed.lisp)
Linked: (/home/shabelson/Documents/GitHub/Thesis/ros_ws/st4_ws/devel/.private/abb_node/share/common-lisp/ros/abb_node/srv/_package_robot_SetSpeed.lisp, /home/shabelson/Documents/GitHub/Thesis/ros_ws/st4_ws/devel/share/common-lisp/ros/abb_node/srv/_package_robot_SetSpeed.lisp)
Linked: (/home/shabelson/Documents/GitHub/Thesis/ros_ws/st4_ws/devel/.private/abb_node/share/common-lisp/ros/abb_node/srv/robot_SpecialCommand.lisp, /home/shabelson/Documents/GitHub/Thesis/ros_ws/st4_ws/devel/share/common-lisp/ros/abb_node/srv/robot_SpecialCommand.lisp)
Linked: (/home/shabelson/Documents/GitHub/Thesis/ros_ws/st4_ws/devel/.private/abb_node/share/common-lisp/ros/abb_node/srv/_package_robot_SetTrackDist.lisp, /home/shabelson/Documents/GitHub/Thesis/ros_ws/st4_ws/devel/share/common-lisp/ros/abb_node/srv/_package_robot_SetTrackDist.lisp)
Linked: (/home/shabelson/Documents/GitHub/Thesis/ros_ws/st4_ws/devel/.private/abb_node/share/common-lisp/ros/abb_node/srv/_package_robot_SetWorkObject.lisp, /home/shabelson/Documents/GitHub/Thesis/ros_ws/st4_ws/devel/share/common-lisp/ros/abb_node/srv/_package_robot_SetWorkObject.lisp)
Linked: (/home/shabelson/Documents/GitHub/Thesis/ros_ws/st4_ws/devel/.private/abb_node/share/common-lisp/ros/abb_node/srv/_package_robot_Ping.lisp, /home/shabelson/Documents/GitHub/Thesis/ros_ws/st4_ws/devel/share/common-lisp/ros/abb_node/srv/_package_robot_Ping.lisp)
Linked: (/home/shabelson/Documents/GitHub/Thesis/ros_ws/st4_ws/devel/.private/abb_node/share/common-lisp/ros/abb_node/srv/_package_robot_SetDIO.lisp, /home/shabelson/Documents/GitHub/Thesis/ros_ws/st4_ws/devel/share/common-lisp/ros/abb_node/srv/_package_robot_SetDIO.lisp)
Linked: (/home/shabelson/Documents/GitHub/Thesis/ros_ws/st4_ws/devel/.private/abb_node/share/common-lisp/ros/abb_node/srv/robot_SetVacuum.lisp, /home/shabelson/Documents/GitHub/Thesis/ros_ws/st4_ws/devel/share/common-lisp/ros/abb_node/srv/robot_SetVacuum.lisp)
Linked: (/home/shabelson/Documents/GitHub/Thesis/ros_ws/st4_ws/devel/.private/abb_node/share/common-lisp/ros/abb_node/srv/_package_robot_SetZone.lisp, /home/shabelson/Documents/GitHub/Thesis/ros_ws/st4_ws/devel/share/common-lisp/ros/abb_node/srv/_package_robot_SetZone.lisp)
Linked: (/home/shabelson/Documents/GitHub/Thesis/ros_ws/st4_ws/devel/.private/abb_node/include/abb_node/robot_SpecialCommand.h, /home/shabelson/Documents/GitHub/Thesis/ros_ws/st4_ws/devel/include/abb_node/robot_SpecialCommand.h)
Linked: (/home/shabelson/Documents/GitHub/Thesis/ros_ws/st4_ws/devel/.private/abb_node/include/abb_node/robot_SetCartesianResponse.h, /home/shabelson/Documents/GitHub/Thesis/ros_ws/st4_ws/devel/include/abb_node/robot_SetCartesianResponse.h)
Linked: (/home/shabelson/Documents/GitHub/Thesis/ros_ws/st4_ws/devel/.private/abb_node/include/abb_node/robot_SetVacuumRequest.h, /home/shabelson/Documents/GitHub/Thesis/ros_ws/st4_ws/devel/include/abb_node/robot_SetVacuumRequest.h)
Linked: (/home/shabelson/Documents/GitHub/Thesis/ros_ws/st4_ws/devel/.private/abb_node/include/abb_node/robot_StopResponse.h, /home/shabelson/Documents/GitHub/Thesis/ros_ws/st4_ws/devel/include/abb_node/robot_StopResponse.h)
Linked: (/home/shabelson/Documents/GitHub/Thesis/ros_ws/st4_ws/devel/.private/abb_node/include/abb_node/robot_SpecialCommandRequest.h, /home/shabelson/Documents/GitHub/Thesis/ros_ws/st4_ws/devel/include/abb_node/robot_SpecialCommandRequest.h)
Linked: (/home/shabelson/Documents/GitHub/Thesis/ros_ws/st4_ws/devel/.private/abb_node/include/abb_node/robot_SetTrackDist.h, /home/shabelson/Documents/GitHub/Thesis/ros_ws/st4_ws/devel/include/abb_node/robot_SetTrackDist.h)
Linked: (/home/shabelson/Documents/GitHub/Thesis/ros_ws/st4_ws/devel/.private/abb_node/include/abb_node/robot_SetSpeedRequest.h, /home/shabelson/Documents/GitHub/Thesis/ros_ws/st4_ws/devel/include/abb_node/robot_SetSpeedRequest.h)
Linked: (/home/shabelson/Documents/GitHub/Thesis/ros_ws/st4_ws/devel/.private/abb_node/include/abb_node/robot_GetJointsRequest.h, /home/shabelson/Documents/GitHub/Thesis/ros_ws/st4_ws/devel/include/abb_node/robot_GetJointsRequest.h)
Linked: (/home/shabelson/Documents/GitHub/Thesis/ros_ws/st4_ws/devel/.private/abb_node/include/abb_node/robot_SpecialCommandResponse.h, /home/shabelson/Documents/GitHub/Thesis/ros_ws/st4_ws/devel/include/abb_node/robot_SpecialCommandResponse.h)
Linked: (/home/shabelson/Documents/GitHub/Thesis/ros_ws/st4_ws/devel/.private/abb_node/include/abb_node/robot_SetComm.h, /home/shabelson/Documents/GitHub/Thesis/ros_ws/st4_ws/devel/include/abb_node/robot_SetComm.h)
Linked: (/home/shabelson/Documents/GitHub/Thesis/ros_ws/st4_ws/devel/.private/abb_node/include/abb_node/robot_SetTrackDistResponse.h, /home/shabelson/Documents/GitHub/Thesis/ros_ws/st4_ws/devel/include/abb_node/robot_SetTrackDistResponse.h)
Linked: (/home/shabelson/Documents/GitHub/Thesis/ros_ws/st4_ws/devel/.private/abb_node/include/abb_node/robot_GetCartesianResponse.h, /home/shabelson/Documents/GitHub/Thesis/ros_ws/st4_ws/devel/include/abb_node/robot_GetCartesianResponse.h)
Linked: (/home/shabelson/Documents/GitHub/Thesis/ros_ws/st4_ws/devel/.private/abb_node/include/abb_node/robot_SetJointsRequest.h, /home/shabelson/Documents/GitHub/Thesis/ros_ws/st4_ws/devel/include/abb_node/robot_SetJointsRequest.h)
Linked: (/home/shabelson/Documents/GitHub/Thesis/ros_ws/st4_ws/devel/.private/abb_node/include/abb_node/robot_IsMovingRequest.h, /home/shabelson/Documents/GitHub/Thesis/ros_ws/st4_ws/devel/include/abb_node/robot_IsMovingRequest.h)
Linked: (/home/shabelson/Documents/GitHub/Thesis/ros_ws/st4_ws/devel/.private/abb_node/include/abb_node/robot_SetTool.h, /home/shabelson/Documents/GitHub/Thesis/ros_ws/st4_ws/devel/include/abb_node/robot_SetTool.h)
Linked: (/home/shabelson/Documents/GitHub/Thesis/ros_ws/st4_ws/devel/.private/abb_node/include/abb_node/robot_Stop.h, /home/shabelson/Documents/GitHub/Thesis/ros_ws/st4_ws/devel/include/abb_node/robot_Stop.h)
Linked: (/home/shabelson/Documents/GitHub/Thesis/ros_ws/st4_ws/devel/.private/abb_node/include/abb_node/robot_SetToolResponse.h, /home/shabelson/Documents/GitHub/Thesis/ros_ws/st4_ws/devel/include/abb_node/robot_SetToolResponse.h)
Linked: (/home/shabelson/Documents/GitHub/Thesis/ros_ws/st4_ws/devel/.private/abb_node/include/abb_node/robot_SetZone.h, /home/shabelson/Documents/GitHub/Thesis/ros_ws/st4_ws/devel/include/abb_node/robot_SetZone.h)
Linked: (/home/shabelson/Documents/GitHub/Thesis/ros_ws/st4_ws/devel/.private/abb_node/include/abb_node/robot_SetJointsResponse.h, /home/shabelson/Documents/GitHub/Thesis/ros_ws/st4_ws/devel/include/abb_node/robot_SetJointsResponse.h)
Linked: (/home/shabelson/Documents/GitHub/Thesis/ros_ws/st4_ws/devel/.private/abb_node/include/abb_node/robot_SetWorkObjectRequest.h, /home/shabelson/Documents/GitHub/Thesis/ros_ws/st4_ws/devel/include/abb_node/robot_SetWorkObjectRequest.h)
Linked: (/home/shabelson/Documents/GitHub/Thesis/ros_ws/st4_ws/devel/.private/abb_node/include/abb_node/robot_SetZoneRequest.h, /home/shabelson/Documents/GitHub/Thesis/ros_ws/st4_ws/devel/include/abb_node/robot_SetZoneRequest.h)
Linked: (/home/shabelson/Documents/GitHub/Thesis/ros_ws/st4_ws/devel/.private/abb_node/include/abb_node/robot_SetCartesianRequest.h, /home/shabelson/Documents/GitHub/Thesis/ros_ws/st4_ws/devel/include/abb_node/robot_SetCartesianRequest.h)
Linked: (/home/shabelson/Documents/GitHub/Thesis/ros_ws/st4_ws/devel/.private/abb_node/include/abb_node/robot_SetDIO.h, /home/shabelson/Documents/GitHub/Thesis/ros_ws/st4_ws/devel/include/abb_node/robot_SetDIO.h)
Linked: (/home/shabelson/Documents/GitHub/Thesis/ros_ws/st4_ws/devel/.private/abb_node/include/abb_node/robot_SetDIORequest.h, /home/shabelson/Documents/GitHub/Thesis/ros_ws/st4_ws/devel/include/abb_node/robot_SetDIORequest.h)
Linked: (/home/shabelson/Documents/GitHub/Thesis/ros_ws/st4_ws/devel/.private/abb_node/include/abb_node/robot_SetWorkObject.h, /home/shabelson/Documents/GitHub/Thesis/ros_ws/st4_ws/devel/include/abb_node/robot_SetWorkObject.h)
Linked: (/home/shabelson/Documents/GitHub/Thesis/ros_ws/st4_ws/devel/.private/abb_node/include/abb_node/robot_SetDIOResponse.h, /home/shabelson/Documents/GitHub/Thesis/ros_ws/st4_ws/devel/include/abb_node/robot_SetDIOResponse.h)
Linked: (/home/shabelson/Documents/GitHub/Thesis/ros_ws/st4_ws/devel/.private/abb_node/include/abb_node/robot_GetCartesianRequest.h, /home/shabelson/Documents/GitHub/Thesis/ros_ws/st4_ws/devel/include/abb_node/robot_GetCartesianRequest.h)
Linked: (/home/shabelson/Documents/GitHub/Thesis/ros_ws/st4_ws/devel/.private/abb_node/include/abb_node/robot_Ping.h, /home/shabelson/Documents/GitHub/Thesis/ros_ws/st4_ws/devel/include/abb_node/robot_Ping.h)
Linked: (/home/shabelson/Documents/GitHub/Thesis/ros_ws/st4_ws/devel/.private/abb_node/include/abb_node/robot_GetJointsResponse.h, /home/shabelson/Documents/GitHub/Thesis/ros_ws/st4_ws/devel/include/abb_node/robot_GetJointsResponse.h)
Linked: (/home/shabelson/Documents/GitHub/Thesis/ros_ws/st4_ws/devel/.private/abb_node/include/abb_node/robot_SetZoneResponse.h, /home/shabelson/Documents/GitHub/Thesis/ros_ws/st4_ws/devel/include/abb_node/robot_SetZoneResponse.h)
Linked: (/home/shabelson/Documents/GitHub/Thesis/ros_ws/st4_ws/devel/.private/abb_node/include/abb_node/robot_SetSpeedResponse.h, /home/shabelson/Documents/GitHub/Thesis/ros_ws/st4_ws/devel/include/abb_node/robot_SetSpeedResponse.h)
Linked: (/home/shabelson/Documents/GitHub/Thesis/ros_ws/st4_ws/devel/.private/abb_node/include/abb_node/robot_SetCommResponse.h, /home/shabelson/Documents/GitHub/Thesis/ros_ws/st4_ws/devel/include/abb_node/robot_SetCommResponse.h)
Linked: (/home/shabelson/Documents/GitHub/Thesis/ros_ws/st4_ws/devel/.private/abb_node/include/abb_node/robot_SetTrackDistRequest.h, /home/shabelson/Documents/GitHub/Thesis/ros_ws/st4_ws/devel/include/abb_node/robot_SetTrackDistRequest.h)
Linked: (/home/shabelson/Documents/GitHub/Thesis/ros_ws/st4_ws/devel/.private/abb_node/include/abb_node/robot_SetToolRequest.h, /home/shabelson/Documents/GitHub/Thesis/ros_ws/st4_ws/devel/include/abb_node/robot_SetToolRequest.h)
Linked: (/home/shabelson/Documents/GitHub/Thesis/ros_ws/st4_ws/devel/.private/abb_node/include/abb_node/robot_IsMoving.h, /home/shabelson/Documents/GitHub/Thesis/ros_ws/st4_ws/devel/include/abb_node/robot_IsMoving.h)
Linked: (/home/shabelson/Documents/GitHub/Thesis/ros_ws/st4_ws/devel/.private/abb_node/include/abb_node/robot_IsMovingResponse.h, /home/shabelson/Documents/GitHub/Thesis/ros_ws/st4_ws/devel/include/abb_node/robot_IsMovingResponse.h)
Linked: (/home/shabelson/Documents/GitHub/Thesis/ros_ws/st4_ws/devel/.private/abb_node/include/abb_node/robot_PingRequest.h, /home/shabelson/Documents/GitHub/Thesis/ros_ws/st4_ws/devel/include/abb_node/robot_PingRequest.h)
Linked: (/home/shabelson/Documents/GitHub/Thesis/ros_ws/st4_ws/devel/.private/abb_node/include/abb_node/robot_SetVacuum.h, /home/shabelson/Documents/GitHub/Thesis/ros_ws/st4_ws/devel/include/abb_node/robot_SetVacuum.h)
Linked: (/home/shabelson/Documents/GitHub/Thesis/ros_ws/st4_ws/devel/.private/abb_node/include/abb_node/robot_SetCartesian.h, /home/shabelson/Documents/GitHub/Thesis/ros_ws/st4_ws/devel/include/abb_node/robot_SetCartesian.h)
Linked: (/home/shabelson/Documents/GitHub/Thesis/ros_ws/st4_ws/devel/.private/abb_node/include/abb_node/robot_SetSpeed.h, /home/shabelson/Documents/GitHub/Thesis/ros_ws/st4_ws/devel/include/abb_node/robot_SetSpeed.h)
Linked: (/home/shabelson/Documents/GitHub/Thesis/ros_ws/st4_ws/devel/.private/abb_node/include/abb_node/robot_SetVacuumResponse.h, /home/shabelson/Documents/GitHub/Thesis/ros_ws/st4_ws/devel/include/abb_node/robot_SetVacuumResponse.h)
Linked: (/home/shabelson/Documents/GitHub/Thesis/ros_ws/st4_ws/devel/.private/abb_node/include/abb_node/robot_PingResponse.h, /home/shabelson/Documents/GitHub/Thesis/ros_ws/st4_ws/devel/include/abb_node/robot_PingResponse.h)
Linked: (/home/shabelson/Documents/GitHub/Thesis/ros_ws/st4_ws/devel/.private/abb_node/include/abb_node/robot_SetJoints.h, /home/shabelson/Documents/GitHub/Thesis/ros_ws/st4_ws/devel/include/abb_node/robot_SetJoints.h)
Linked: (/home/shabelson/Documents/GitHub/Thesis/ros_ws/st4_ws/devel/.private/abb_node/include/abb_node/robot_GetJoints.h, /home/shabelson/Documents/GitHub/Thesis/ros_ws/st4_ws/devel/include/abb_node/robot_GetJoints.h)
Linked: (/home/shabelson/Documents/GitHub/Thesis/ros_ws/st4_ws/devel/.private/abb_node/include/abb_node/robot_GetCartesian.h, /home/shabelson/Documents/GitHub/Thesis/ros_ws/st4_ws/devel/include/abb_node/robot_GetCartesian.h)
Linked: (/home/shabelson/Documents/GitHub/Thesis/ros_ws/st4_ws/devel/.private/abb_node/include/abb_node/robot_SetCommRequest.h, /home/shabelson/Documents/GitHub/Thesis/ros_ws/st4_ws/devel/include/abb_node/robot_SetCommRequest.h)
Linked: (/home/shabelson/Documents/GitHub/Thesis/ros_ws/st4_ws/devel/.private/abb_node/include/abb_node/robot_StopRequest.h, /home/shabelson/Documents/GitHub/Thesis/ros_ws/st4_ws/devel/include/abb_node/robot_StopRequest.h)
Linked: (/home/shabelson/Documents/GitHub/Thesis/ros_ws/st4_ws/devel/.private/abb_node/include/abb_node/robot_SetWorkObjectResponse.h, /home/shabelson/Documents/GitHub/Thesis/ros_ws/st4_ws/devel/include/abb_node/robot_SetWorkObjectResponse.h)
Linked: (/home/shabelson/Documents/GitHub/Thesis/ros_ws/st4_ws/devel/.private/abb_node/lib/libRobotSim.so, /home/shabelson/Documents/GitHub/Thesis/ros_ws/st4_ws/devel/lib/libRobotSim.so)
Linked: (/home/shabelson/Documents/GitHub/Thesis/ros_ws/st4_ws/devel/.private/abb_node/lib/libRobotCom.so, /home/shabelson/Documents/GitHub/Thesis/ros_ws/st4_ws/devel/lib/libRobotCom.so)
Linked: (/home/shabelson/Documents/GitHub/Thesis/ros_ws/st4_ws/devel/.private/abb_node/lib/libRobotMath.so, /home/shabelson/Documents/GitHub/Thesis/ros_ws/st4_ws/devel/lib/libRobotMath.so)
Linked: (/home/shabelson/Documents/GitHub/Thesis/ros_ws/st4_ws/devel/.private/abb_node/lib/abb_node/robot_state, /home/shabelson/Documents/GitHub/Thesis/ros_ws/st4_ws/devel/lib/abb_node/robot_state)
Linked: (/home/shabelson/Documents/GitHub/Thesis/ros_ws/st4_ws/devel/.private/abb_node/lib/abb_node/abb_node, /home/shabelson/Documents/GitHub/Thesis/ros_ws/st4_ws/devel/lib/abb_node/abb_node)
Linked: (/home/shabelson/Documents/GitHub/Thesis/ros_ws/st4_ws/devel/.private/abb_node/lib/python2.7/dist-packages/abb_node/__init__.py, /home/shabelson/Documents/GitHub/Thesis/ros_ws/st4_ws/devel/lib/python2.7/dist-packages/abb_node/__init__.py)
Linked: (/home/shabelson/Documents/GitHub/Thesis/ros_ws/st4_ws/devel/.private/abb_node/lib/python2.7/dist-packages/abb_node/srv/_robot_SetWorkObject.py, /home/shabelson/Documents/GitHub/Thesis/ros_ws/st4_ws/devel/lib/python2.7/dist-packages/abb_node/srv/_robot_SetWorkObject.py)
Linked: (/home/shabelson/Documents/GitHub/Thesis/ros_ws/st4_ws/devel/.private/abb_node/lib/python2.7/dist-packages/abb_node/srv/_robot_SetTool.py, /home/shabelson/Documents/GitHub/Thesis/ros_ws/st4_ws/devel/lib/python2.7/dist-packages/abb_node/srv/_robot_SetTool.py)
Linked: (/home/shabelson/Documents/GitHub/Thesis/ros_ws/st4_ws/devel/.private/abb_node/lib/python2.7/dist-packages/abb_node/srv/_robot_SpecialCommand.py, /home/shabelson/Documents/GitHub/Thesis/ros_ws/st4_ws/devel/lib/python2.7/dist-packages/abb_node/srv/_robot_SpecialCommand.py)
Linked: (/home/shabelson/Documents/GitHub/Thesis/ros_ws/st4_ws/devel/.private/abb_node/lib/python2.7/dist-packages/abb_node/srv/_robot_Stop.py, /home/shabelson/Documents/GitHub/Thesis/ros_ws/st4_ws/devel/lib/python2.7/dist-packages/abb_node/srv/_robot_Stop.py)
Linked: (/home/shabelson/Documents/GitHub/Thesis/ros_ws/st4_ws/devel/.private/abb_node/lib/python2.7/dist-packages/abb_node/srv/_robot_SetTrackDist.py, /home/shabelson/Documents/GitHub/Thesis/ros_ws/st4_ws/devel/lib/python2.7/dist-packages/abb_node/srv/_robot_SetTrackDist.py)
Linked: (/home/shabelson/Documents/GitHub/Thesis/ros_ws/st4_ws/devel/.private/abb_node/lib/python2.7/dist-packages/abb_node/srv/_robot_IsMoving.py, /home/shabelson/Documents/GitHub/Thesis/ros_ws/st4_ws/devel/lib/python2.7/dist-packages/abb_node/srv/_robot_IsMoving.py)
Linked: (/home/shabelson/Documents/GitHub/Thesis/ros_ws/st4_ws/devel/.private/abb_node/lib/python2.7/dist-packages/abb_node/srv/_robot_SetComm.py, /home/shabelson/Documents/GitHub/Thesis/ros_ws/st4_ws/devel/lib/python2.7/dist-packages/abb_node/srv/_robot_SetComm.py)
Linked: (/home/shabelson/Documents/GitHub/Thesis/ros_ws/st4_ws/devel/.private/abb_node/lib/python2.7/dist-packages/abb_node/srv/_robot_SetDIO.py, /home/shabelson/Documents/GitHub/Thesis/ros_ws/st4_ws/devel/lib/python2.7/dist-packages/abb_node/srv/_robot_SetDIO.py)
Linked: (/home/shabelson/Documents/GitHub/Thesis/ros_ws/st4_ws/devel/.private/abb_node/lib/python2.7/dist-packages/abb_node/srv/_robot_GetJoints.py, /home/shabelson/Documents/GitHub/Thesis/ros_ws/st4_ws/devel/lib/python2.7/dist-packages/abb_node/srv/_robot_GetJoints.py)
Linked: (/home/shabelson/Documents/GitHub/Thesis/ros_ws/st4_ws/devel/.private/abb_node/lib/python2.7/dist-packages/abb_node/srv/_robot_SetVacuum.py, /home/shabelson/Documents/GitHub/Thesis/ros_ws/st4_ws/devel/lib/python2.7/dist-packages/abb_node/srv/_robot_SetVacuum.py)
Linked: (/home/shabelson/Documents/GitHub/Thesis/ros_ws/st4_ws/devel/.private/abb_node/lib/python2.7/dist-packages/abb_node/srv/_robot_Ping.py, /home/shabelson/Documents/GitHub/Thesis/ros_ws/st4_ws/devel/lib/python2.7/dist-packages/abb_node/srv/_robot_Ping.py)
Linked: (/home/shabelson/Documents/GitHub/Thesis/ros_ws/st4_ws/devel/.private/abb_node/lib/python2.7/dist-packages/abb_node/srv/_robot_SetCartesian.py, /home/shabelson/Documents/GitHub/Thesis/ros_ws/st4_ws/devel/lib/python2.7/dist-packages/abb_node/srv/_robot_SetCartesian.py)
Linked: (/home/shabelson/Documents/GitHub/Thesis/ros_ws/st4_ws/devel/.private/abb_node/lib/python2.7/dist-packages/abb_node/srv/__init__.py, /home/shabelson/Documents/GitHub/Thesis/ros_ws/st4_ws/devel/lib/python2.7/dist-packages/abb_node/srv/__init__.py)
Linked: (/home/shabelson/Documents/GitHub/Thesis/ros_ws/st4_ws/devel/.private/abb_node/lib/python2.7/dist-packages/abb_node/srv/_robot_SetZone.py, /home/shabelson/Documents/GitHub/Thesis/ros_ws/st4_ws/devel/lib/python2.7/dist-packages/abb_node/srv/_robot_SetZone.py)
Linked: (/home/shabelson/Documents/GitHub/Thesis/ros_ws/st4_ws/devel/.private/abb_node/lib/python2.7/dist-packages/abb_node/srv/_robot_GetCartesian.py, /home/shabelson/Documents/GitHub/Thesis/ros_ws/st4_ws/devel/lib/python2.7/dist-packages/abb_node/srv/_robot_GetCartesian.py)
Linked: (/home/shabelson/Documents/GitHub/Thesis/ros_ws/st4_ws/devel/.private/abb_node/lib/python2.7/dist-packages/abb_node/srv/_robot_SetSpeed.py, /home/shabelson/Documents/GitHub/Thesis/ros_ws/st4_ws/devel/lib/python2.7/dist-packages/abb_node/srv/_robot_SetSpeed.py)
Linked: (/home/shabelson/Documents/GitHub/Thesis/ros_ws/st4_ws/devel/.private/abb_node/lib/python2.7/dist-packages/abb_node/srv/_robot_SetJoints.py, /home/shabelson/Documents/GitHub/Thesis/ros_ws/st4_ws/devel/lib/python2.7/dist-packages/abb_node/srv/_robot_SetJoints.py)
Linked: (/home/shabelson/Documents/GitHub/Thesis/ros_ws/st4_ws/devel/.private/abb_node/lib/pkgconfig/abb_node.pc, /home/shabelson/Documents/GitHub/Thesis/ros_ws/st4_ws/devel/lib/pkgconfig/abb_node.pc)
