[  0%] Built target std_msgs_generate_messages_nodejs
[  0%] Built target geometry_msgs_generate_messages_nodejs
[  0%] Built target actionlib_msgs_generate_messages_nodejs
[  0%] Built target _abb_node_generate_messages_check_deps_robot_GetJoints
[  0%] Built target _abb_node_generate_messages_check_deps_robot_SetTool
[  0%] Built target _abb_node_generate_messages_check_deps_robot_SpecialCommand
[  0%] Built target _abb_node_generate_messages_check_deps_robot_SetCartesian
[  0%] Built target _abb_node_generate_messages_check_deps_robot_SetTrackDist
[  0%] Built target _abb_node_generate_messages_check_deps_robot_Stop
[  0%] Built target _abb_node_generate_messages_check_deps_robot_SetComm
[  0%] Built target sensor_msgs_generate_messages_nodejs
[  0%] Built target control_msgs_generate_messages_nodejs
[  0%] Built target trajectory_msgs_generate_messages_nodejs
[  0%] Built target _abb_node_generate_messages_check_deps_robot_SetDIO
[  0%] Built target _abb_node_generate_messages_check_deps_robot_GetCartesian
[  0%] Built target _abb_node_generate_messages_check_deps_robot_SetZone
[  0%] Built target _abb_node_generate_messages_check_deps_robot_Ping
[  0%] Built target actionlib_msgs_generate_messages_py
[  0%] Built target _abb_node_generate_messages_check_deps_robot_IsMoving
[  0%] Built target geometry_msgs_generate_messages_py
[  0%] Built target _abb_node_generate_messages_check_deps_robot_SetSpeed
[  0%] Built target std_msgs_generate_messages_py
[  0%] Built target _abb_node_generate_messages_check_deps_robot_SetVacuum
[  0%] Built target control_msgs_generate_messages_py
[  0%] Built target trajectory_msgs_generate_messages_py
[  0%] Built target _abb_node_generate_messages_check_deps_robot_SetJoints
[  0%] Built target control_msgs_generate_messages_lisp
[  0%] Built target sensor_msgs_generate_messages_py
[  0%] Built target actionlib_msgs_generate_messages_lisp
[  0%] Built target geometry_msgs_generate_messages_lisp
[  0%] Built target _abb_node_generate_messages_check_deps_robot_SetWorkObject
[  0%] Built target sensor_msgs_generate_messages_lisp
[  0%] Built target trajectory_msgs_generate_messages_lisp
[  0%] Built target std_msgs_generate_messages_lisp
[  0%] Built target geometry_msgs_generate_messages_eus
[  0%] Built target control_msgs_generate_messages_eus
[  0%] Built target actionlib_msgs_generate_messages_eus
[  0%] Built target trajectory_msgs_generate_messages_eus
[  0%] Built target std_msgs_generate_messages_eus
[  0%] Built target sensor_msgs_generate_messages_eus
[  0%] Built target trajectory_msgs_generate_messages_cpp
[  0%] Built target std_msgs_generate_messages_cpp
[  0%] Built target control_msgs_generate_messages_cpp
[  0%] Built target actionlib_msgs_generate_messages_cpp
[  0%] Built target sensor_msgs_generate_messages_cpp
[  0%] Built target geometry_msgs_generate_messages_cpp
[  1%] Built target RobotCom
[ 25%] Built target abb_node_generate_messages_py
[ 34%] Built target abb_node_generate_messages_nodejs
[ 57%] Built target abb_node_generate_messages_lisp
[ 59%] Built target RobotMath
[ 77%] Built target abb_node_generate_messages_eus
[ 83%] Built target RobotSim
[ 95%] Built target abb_node_generate_messages_cpp
[ 95%] Built target abb_node_generate_messages
[ 97%] Built target abb_node_moveit
[100%] Built target abb_node
