[  0%] Built target _astra_camera_generate_messages_check_deps_GetIRGain
[  0%] Built target _astra_camera_generate_messages_check_deps_SetIRGain
[  0%] Built target _astra_camera_generate_messages_check_deps_SetUVCExposure
[  0%] Built target _astra_camera_generate_messages_check_deps_SwitchIRCamera
[  0%] Built target _astra_camera_generate_messages_check_deps_GetDeviceType
[  0%] Built target std_msgs_generate_messages_cpp
[  0%] Built target _astra_camera_generate_messages_check_deps_GetCameraInfo
[  0%] Built target _astra_camera_generate_messages_check_deps_ResetIRGain
[  0%] Built target sensor_msgs_generate_messages_cpp
[  0%] Built target _astra_camera_generate_messages_check_deps_SetLaser
[  0%] Built target _astra_camera_generate_messages_check_deps_GetUVCExposure
[  0%] Built target _astra_camera_generate_messages_check_deps_SetUVCWhiteBalance
[  0%] Built target _astra_camera_generate_messages_check_deps_GetUVCGain
[  0%] Built target _astra_camera_generate_messages_check_deps_SetLDP
[  0%] Built target _astra_camera_generate_messages_check_deps_GetSerial
[  0%] Built target _astra_camera_generate_messages_check_deps_SetUVCGain
[  1%] Built target astra_camera_gencfg
[  1%] Built target std_msgs_generate_messages_nodejs
[  2%] Built target astra_usb_reset
[  2%] Built target sensor_msgs_generate_messages_nodejs
[  2%] Built target _astra_camera_generate_messages_check_deps_SetIRExposure
[  2%] Built target sensor_msgs_generate_messages_lisp
[  2%] Built target _astra_camera_generate_messages_check_deps_ResetIRExposure
[  2%] Built target std_msgs_generate_messages_lisp
[  2%] Built target _astra_camera_generate_messages_check_deps_GetUVCWhiteBalance
[  2%] Built target std_msgs_generate_messages_eus
[  2%] Built target _astra_camera_generate_messages_check_deps_SetIRFlood
[  2%] Built target sensor_msgs_generate_messages_eus
[  2%] Built target sensor_msgs_generate_messages_py
[  2%] Built target std_msgs_generate_messages_py
[  2%] Built target _astra_camera_generate_messages_check_deps_GetIRExposure
[ 30%] Built target astra_camera_generate_messages_cpp
[ 32%] Built target astra_camera_generate_messages_eus
[ 50%] Built target astra_camera_generate_messages_lisp
[ 61%] Built target astra_camera_generate_messages_nodejs
[ 77%] Built target astra_camera_generate_messages_py
[ 77%] Built target astra_camera_generate_messages
[ 80%] Built target camera_node
[ 83%] Built target libuvc_camera_nodelet
[ 91%] Built target astra_wrapper
[ 92%] Built target astra_list_devices
[ 94%] Built target astra_driver_lib
[ 96%] Built target astra_test_wrapper
[ 98%] Built target astra_camera_nodelet
[100%] Built target astra_camera_node
